{"meta": {"format": 3, "version": "7.15.3", "timestamp": "2026-08-08T12:10:19.019762", "branch_coverage": true, "show_contexts": false}, "files": {"src\\irisflow\\__init__.py": {"executed_lines": [3], "summary": {"covered_lines": 1, "num_statements": 1, "percent_covered": 100.0, "percent_covered_display": "100", "missing_lines": 0, "excluded_lines": 0, "percent_statements_covered": 100.0, "percent_statements_covered_display": "100", "num_branches": 0, "num_partial_branches": 0, "covered_branches": 0, "missing_branches": 0, "percent_branches_covered": 100.0, "percent_branches_covered_display": "100"}, "missing_lines": [], "excluded_lines": [], "executed_branches": [], "missing_branches": [], "functions": {"": {"executed_lines": [3], "summary": {"covered_lines": 1, "num_statements": 1, "percent_covered": 100.0, "percent_covered_display": "100", "missing_lines": 0, "excluded_lines": 0, "percent_statements_covered": 100.0, "percent_statements_covered_display": "100", "num_branches": 0, "num_partial_branches": 0, "covered_branches": 0, "missing_branches": 0, "percent_branches_covered": 100.0, "percent_branches_covered_display": "100"}, "missing_lines": [], "excluded_lines": [], "start_line": 1, "executed_branches": [], "missing_branches": []}}, "classes": {"": {"executed_lines": [3], "summary": {"covered_lines": 1, "num_statements": 1, "percent_covered": 100.0, "percent_covered_display": "100", "missing_lines": 0, "excluded_lines": 0, "percent_statements_covered": 100.0, "percent_statements_covered_display": "100", "num_branches": 0, "num_partial_branches": 0, "covered_branches": 0, "missing_branches": 0, "percent_branches_covered": 100.0, "percent_branches_covered_display": "100"}, "missing_lines": [], "excluded_lines": [], "start_line": 1, "executed_branches": [], "missing_branches": []}}}, "src\\irisflow\\__main__.py": {"executed_lines": [], "summary": {"covered_lines": 0, "num_statements": 3, "percent_covered": 0.0, "percent_covered_display": "0", "missing_lines": 3, "excluded_lines": 0, "percent_statements_covered": 0.0, "percent_statements_covered_display": "0", "num_branches": 2, "num_partial_branches": 0, "covered_branches": 0, "missing_branches": 2, "percent_branches_covered": 0.0, "percent_branches_covered_display": "0"}, "missing_lines": [3, 5, 6], "excluded_lines": [], "executed_branches": [], "missing_branches": [[5, -1], [5, 6]], "functions": {"": {"executed_lines": [], "summary": {"covered_lines": 0, "num_statements": 3, "percent_covered": 0.0, "percent_covered_display": "0", "missing_lines": 3, "excluded_lines": 0, "percent_statements_covered": 0.0, "percent_statements_covered_display": "0", "num_branches": 2, "num_partial_branches": 0, "covered_branches": 0, "missing_branches": 2, "percent_branches_covered": 0.0, "percent_branches_covered_display": "0"}, "missing_lines": [3, 5, 6], "excluded_lines": [], "start_line": 1, "executed_branches": [], "missing_branches": [[5, -1], [5, 6]]}}, "classes": {"": {"executed_lines": [], "summary": {"covered_lines": 0, "num_statements": 3, "percent_covered": 0.0, "percent_covered_display": "0", "missing_lines": 3, "excluded_lines": 0, "percent_statements_covered": 0.0, "percent_statements_covered_display": "0", "num_branches": 2, "num_partial_branches": 0, "covered_branches": 0, "missing_branches": 2, "percent_branches_covered": 0.0, "percent_branches_covered_display": "0"}, "missing_lines": [3, 5, 6], "excluded_lines": [], "start_line": 1, "executed_branches": [], "missing_branches": [[5, -1], [5, 6]]}}}, "src\\irisflow\\api\\__init__.py": {"executed_lines": [8, 10], "summary": {"covered_lines": 2, "num_statements": 2, "percent_covered": 100.0, "percent_covered_display": "100", "missing_lines": 0, "excluded_lines": 0, "percent_statements_covered": 100.0, "percent_statements_covered_display": "100", "num_branches": 0, "num_partial_branches": 0, "covered_branches": 0, "missing_branches": 0, "percent_branches_covered": 100.0, "percent_branches_covered_display": "100"}, "missing_lines": [], "excluded_lines": [], "executed_branches": [], "missing_branches": [], "functions": {"": {"executed_lines": [8, 10], "summary": {"covered_lines": 2, "num_statements": 2, "percent_covered": 100.0, "percent_covered_display": "100", "missing_lines": 0, "excluded_lines": 0, "percent_statements_covered": 100.0, "percent_statements_covered_display": "100", "num_branches": 0, "num_partial_branches": 0, "covered_branches": 0, "missing_branches": 0, "percent_branches_covered": 100.0, "percent_branches_covered_display": "100"}, "missing_lines": [], "excluded_lines": [], "start_line": 1, "executed_branches": [], "missing_branches": []}}, "classes": {"": {"executed_lines": [8, 10], "summary": {"covered_lines": 2, "num_statements": 2, "percent_covered": 100.0, "percent_covered_display": "100", "missing_lines": 0, "excluded_lines": 0, "percent_statements_covered": 100.0, "percent_statements_covered_display": "100", "num_branches": 0, "num_partial_branches": 0, "covered_branches": 0, "missing_branches": 0, "percent_branches_covered": 100.0, "percent_branches_covered_display": "100"}, "missing_lines": [], "excluded_lines": [], "start_line": 1, "executed_branches": [], "missing_branches": []}}}, "src\\irisflow\\api\\app.py": {"executed_lines": [12, 14, 15, 17, 19, 25, 26, 27, 28, 29, 30, 31, 32, 33, 34, 35, 36, 37, 39, 42, 61, 62, 63, 64, 69, 70, 71, 72, 74, 76, 82, 83, 84, 85, 86, 87, 90, 125, 133], "summary": {"covered_lines": 39, "num_statements": 51, "percent_covered": 75.47169811320755, "percent_covered_display": "75", "missing_lines": 12, "excluded_lines": 0, "percent_statements_covered": 76.47058823529412, "percent_statements_covered_display": "76", "num_branches": 2, "num_partial_branches": 1, "covered_branches": 1, "missing_branches": 1, "percent_branches_covered": 50.0, "percent_branches_covered_display": "50"}, "missing_lines": [66, 67, 68, 97, 98, 99, 104, 112, 113, 114, 126, 134], "excluded_lines": [], "executed_branches": [[63, 64]], "missing_branches": [[63, 66]], "functions": {"create_app": {"executed_lines": [61, 62, 76, 82, 83, 84, 85, 86, 87], "summary": {"covered_lines": 9, "num_statements": 9, "percent_covered": 100.0, "percent_covered_display": "100", "missing_lines": 0, "excluded_lines": 0, "percent_statements_covered": 100.0, "percent_statements_covered_display": "100", "num_branches": 0, "num_partial_branches": 0, "covered_branches": 0, "missing_branches": 0, "percent_branches_covered": 100.0, "percent_branches_covered_display": "100"}, "missing_lines": [], "excluded_lines": [], "start_line": 42, "executed_branches": [], "missing_branches": []}, "create_app.lifespan": {"executed_lines": [63, 64, 69, 70, 71, 72, 74], "summary": {"covered_lines": 7, "num_statements": 10, "percent_covered": 66.66666666666667, "percent_covered_display": "67", "missing_lines": 3, "excluded_lines": 0, "percent_statements_covered": 70.0, "percent_statements_covered_display": "70", "num_branches": 2, "num_partial_branches": 1, "covered_branches": 1, "missing_branches": 1, "percent_branches_covered": 50.0, "percent_branches_covered_display": "50"}, "missing_lines": [66, 67, 68], "excluded_lines": [], "start_line": 62, "executed_branches": [[63, 64]], "missing_branches": [[63, 66]]}, "build_app_state_from_config": {"executed_lines": [], "summary": {"covered_lines": 0, "num_statements": 7, "percent_covered": 0.0, "percent_covered_display": "0", "missing_lines": 7, "excluded_lines": 0, "percent_statements_covered": 0.0, "percent_statements_covered_display": "0", "num_branches": 0, "num_partial_branches": 0, "covered_branches": 0, "missing_branches": 0, "percent_branches_covered": 100.0, "percent_branches_covered_display": "100"}, "missing_lines": [97, 98, 99, 104, 112, 113, 114], "excluded_lines": [], "start_line": 90, "executed_branches": [], "missing_branches": []}, "_build_safety_gate": {"executed_lines": [], "summary": {"covered_lines": 0, "num_statements": 1, "percent_covered": 0.0, "percent_covered_display": "0", "missing_lines": 1, "excluded_lines": 0, "percent_statements_covered": 0.0, "percent_statements_covered_display": "0", "num_branches": 0, "num_partial_branches": 0, "covered_branches": 0, "missing_branches": 0, "percent_branches_covered": 100.0, "percent_branches_covered_display": "100"}, "missing_lines": [126], "excluded_lines": [], "start_line": 125, "executed_branches": [], "missing_branches": []}, "_build_dwell": {"executed_lines": [], "summary": {"covered_lines": 0, "num_statements": 1, "percent_covered": 0.0, "percent_covered_display": "0", "missing_lines": 1, "excluded_lines": 0, "percent_statements_covered": 0.0, "percent_statements_covered_display": "0", "num_branches": 0, "num_partial_branches": 0, "covered_branches": 0, "missing_branches": 0, "percent_branches_covered": 100.0, "percent_branches_covered_display": "100"}, "missing_lines": [134], "excluded_lines": [], "start_line": 133, "executed_branches": [], "missing_branches": []}, "": {"executed_lines": [12, 14, 15, 17, 19, 25, 26, 27, 28, 29, 30, 31, 32, 33, 34, 35, 36, 37, 39, 42, 90, 125, 133], "summary": {"covered_lines": 23, "num_statements": 23, "percent_covered": 100.0, "percent_covered_display": "100", "missing_lines": 0, "excluded_lines": 0, "percent_statements_covered": 100.0, "percent_statements_covered_display": "100", "num_branches": 0, "num_partial_branches": 0, "covered_branches": 0, "missing_branches": 0, "percent_branches_covered": 100.0, "percent_branches_covered_display": "100"}, "missing_lines": [], "excluded_lines": [], "start_line": 1, "executed_branches": [], "missing_branches": []}}, "classes": {"": {"executed_lines": [12, 14, 15, 17, 19, 25, 26, 27, 28, 29, 30, 31, 32, 33, 34, 35, 36, 37, 39, 42, 61, 62, 63, 64, 69, 70, 71, 72, 74, 76, 82, 83, 84, 85, 86, 87, 90, 125, 133], "summary": {"covered_lines": 39, "num_statements": 51, "percent_covered": 75.47169811320755, "percent_covered_display": "75", "missing_lines": 12, "excluded_lines": 0, "percent_statements_covered": 76.47058823529412, "percent_statements_covered_display": "76", "num_branches": 2, "num_partial_branches": 1, "covered_branches": 1, "missing_branches": 1, "percent_branches_covered": 50.0, "percent_branches_covered_display": "50"}, "missing_lines": [66, 67, 68, 97, 98, 99, 104, 112, 113, 114, 126, 134], "excluded_lines": [], "start_line": 1, "executed_branches": [[63, 64]], "missing_branches": [[63, 66]]}}}, "src\\irisflow\\api\\routes\\__init__.py": {"executed_lines": [3, 4, 5, 6, 8], "summary": {"covered_lines": 5, "num_statements": 5, "percent_covered": 100.0, "percent_covered_display": "100", "missing_lines": 0, "excluded_lines": 0, "percent_statements_covered": 100.0, "percent_statements_covered_display": "100", "num_branches": 0, "num_partial_branches": 0, "covered_branches": 0, "missing_branches": 0, "percent_branches_covered": 100.0, "percent_branches_covered_display": "100"}, "missing_lines": [], "excluded_lines": [], "executed_branches": [], "missing_branches": [], "functions": {"": {"executed_lines": [3, 4, 5, 6, 8], "summary": {"covered_lines": 5, "num_statements": 5, "percent_covered": 100.0, "percent_covered_display": "100", "missing_lines": 0, "excluded_lines": 0, "percent_statements_covered": 100.0, "percent_statements_covered_display": "100", "num_branches": 0, "num_partial_branches": 0, "covered_branches": 0, "missing_branches": 0, "percent_branches_covered": 100.0, "percent_branches_covered_display": "100"}, "missing_lines": [], "excluded_lines": [], "start_line": 1, "executed_branches": [], "missing_branches": []}}, "classes": {"": {"executed_lines": [3, 4, 5, 6, 8], "summary": {"covered_lines": 5, "num_statements": 5, "percent_covered": 100.0, "percent_covered_display": "100", "missing_lines": 0, "excluded_lines": 0, "percent_statements_covered": 100.0, "percent_statements_covered_display": "100", "num_branches": 0, "num_partial_branches": 0, "covered_branches": 0, "missing_branches": 0, "percent_branches_covered": 100.0, "percent_branches_covered_display": "100"}, "missing_lines": [], "excluded_lines": [], "start_line": 1, "executed_branches": [], "missing_branches": []}}}, "src\\irisflow\\api\\routes\\calibration.py": {"executed_lines": [9, 11, 13, 15, 16, 18, 20, 23, 24, 25, 26, 27, 39, 40, 41, 42, 43], "summary": {"covered_lines": 17, "num_statements": 19, "percent_covered": 82.6086956521739, "percent_covered_display": "83", "missing_lines": 2, "excluded_lines": 0, "percent_statements_covered": 89.47368421052632, "percent_statements_covered_display": "89", "num_branches": 4, "num_partial_branches": 2, "covered_branches": 2, "missing_branches": 2, "percent_branches_covered": 50.0, "percent_branches_covered_display": "50"}, "missing_lines": [28, 44], "excluded_lines": [], "executed_branches": [[26, 27], [42, 43]], "missing_branches": [[26, 28], [42, 44]], "functions": {"status": {"executed_lines": [25, 26, 27], "summary": {"covered_lines": 3, "num_statements": 4, "percent_covered": 66.66666666666667, "percent_covered_display": "67", "missing_lines": 1, "excluded_lines": 0, "percent_statements_covered": 75.0, "percent_statements_covered_display": "75", "num_branches": 2, "num_partial_branches": 1, "covered_branches": 1, "missing_branches": 1, "percent_branches_covered": 50.0, "percent_branches_covered_display": "50"}, "missing_lines": [28], "excluded_lines": [], "start_line": 24, "executed_branches": [[26, 27]], "missing_branches": [[26, 28]]}, "abort": {"executed_lines": [41, 42, 43], "summary": {"covered_lines": 3, "num_statements": 4, "percent_covered": 66.66666666666667, "percent_covered_display": "67", "missing_lines": 1, "excluded_lines": 0, "percent_statements_covered": 75.0, "percent_statements_covered_display": "75", "num_branches": 2, "num_partial_branches": 1, "covered_branches": 1, "missing_branches": 1, "percent_branches_covered": 50.0, "percent_branches_covered_display": "50"}, "missing_lines": [44], "excluded_lines": [], "start_line": 40, "executed_branches": [[42, 43]], "missing_branches": [[42, 44]]}, "": {"executed_lines": [9, 11, 13, 15, 16, 18, 20, 23, 24, 39, 40], "summary": {"covered_lines": 11, "num_statements": 11, "percent_covered": 100.0, "percent_covered_display": "100", "missing_lines": 0, "excluded_lines": 0, "percent_statements_covered": 100.0, "percent_statements_covered_display": "100", "num_branches": 0, "num_partial_branches": 0, "covered_branches": 0, "missing_branches": 0, "percent_branches_covered": 100.0, "percent_branches_covered_display": "100"}, "missing_lines": [], "excluded_lines": [], "start_line": 1, "executed_branches": [], "missing_branches": []}}, "classes": {"": {"executed_lines": [9, 11, 13, 15, 16, 18, 20, 23, 24, 25, 26, 27, 39, 40, 41, 42, 43], "summary": {"covered_lines": 17, "num_statements": 19, "percent_covered": 82.6086956521739, "percent_covered_display": "83", "missing_lines": 2, "excluded_lines": 0, "percent_statements_covered": 89.47368421052632, "percent_statements_covered_display": "89", "num_branches": 4, "num_partial_branches": 2, "covered_branches": 2, "missing_branches": 2, "percent_branches_covered": 50.0, "percent_branches_covered_display": "50"}, "missing_lines": [28, 44], "excluded_lines": [], "start_line": 1, "executed_branches": [[26, 27], [42, 43]], "missing_branches": [[26, 28], [42, 44]]}}}, "src\\irisflow\\api\\routes\\config.py": {"executed_lines": [3, 5, 7, 9, 10, 12, 14, 19, 31, 32, 33, 36, 37, 44, 45, 46, 47, 48, 52, 53, 56], "summary": {"covered_lines": 21, "num_statements": 23, "percent_covered": 93.10344827586206, "percent_covered_display": "93", "missing_lines": 2, "excluded_lines": 0, "percent_statements_covered": 91.30434782608695, "percent_statements_covered_display": "91", "num_branches": 6, "num_partial_branches": 0, "covered_branches": 6, "missing_branches": 0, "percent_branches_covered": 100.0, "percent_branches_covered_display": "100"}, "missing_lines": [54, 55], "excluded_lines": [], "executed_branches": [[44, 45], [44, 46], [46, 47], [46, 52], [47, 46], [47, 48]], "missing_branches": [], "functions": {"get_config": {"executed_lines": [33], "summary": {"covered_lines": 1, "num_statements": 1, "percent_covered": 100.0, "percent_covered_display": "100", "missing_lines": 0, "excluded_lines": 0, "percent_statements_covered": 100.0, "percent_statements_covered_display": "100", "num_branches": 0, "num_partial_branches": 0, "covered_branches": 0, "missing_branches": 0, "percent_branches_covered": 100.0, "percent_branches_covered_display": "100"}, "missing_lines": [], "excluded_lines": [], "start_line": 32, "executed_branches": [], "missing_branches": []}, "patch_config": {"executed_lines": [44, 45, 46, 47, 48, 52, 53, 56], "summary": {"covered_lines": 8, "num_statements": 10, "percent_covered": 87.5, "percent_covered_display": "88", "missing_lines": 2, "excluded_lines": 0, "percent_statements_covered": 80.0, "percent_statements_covered_display": "80", "num_branches": 6, "num_partial_branches": 0, "covered_branches": 6, "missing_branches": 0, "percent_branches_covered": 100.0, "percent_branches_covered_display": "100"}, "missing_lines": [54, 55], "excluded_lines": [], "start_line": 37, "executed_branches": [[44, 45], [44, 46], [46, 47], [46, 52], [47, 46], [47, 48]], "missing_branches": []}, "": {"executed_lines": [3, 5, 7, 9, 10, 12, 14, 19, 31, 32, 36, 37], "summary": {"covered_lines": 12, "num_statements": 12, "percent_covered": 100.0, "percent_covered_display": "100", "missing_lines": 0, "excluded_lines": 0, "percent_statements_covered": 100.0, "percent_statements_covered_display": "100", "num_branches": 0, "num_partial_branches": 0, "covered_branches": 0, "missing_branches": 0, "percent_branches_covered": 100.0, "percent_branches_covered_display": "100"}, "missing_lines": [], "excluded_lines": [], "start_line": 1, "executed_branches": [], "missing_branches": []}}, "classes": {"": {"executed_lines": [3, 5, 7, 9, 10, 12, 14, 19, 31, 32, 33, 36, 37, 44, 45, 46, 47, 48, 52, 53, 56], "summary": {"covered_lines": 21, "num_statements": 23, "percent_covered": 93.10344827586206, "percent_covered_display": "93", "missing_lines": 2, "excluded_lines": 0, "percent_statements_covered": 91.30434782608695, "percent_statements_covered_display": "91", "num_branches": 6, "num_partial_branches": 0, "covered_branches": 6, "missing_branches": 0, "percent_branches_covered": 100.0, "percent_branches_covered_display": "100"}, "missing_lines": [54, 55], "excluded_lines": [], "start_line": 1, "executed_branches": [[44, 45], [44, 46], [46, 47], [46, 52], [47, 46], [47, 48]], "missing_branches": []}}}, "src\\irisflow\\api\\routes\\health.py": {"executed_lines": [3, 5, 7, 9, 10, 12, 14, 17, 18, 19, 20], "summary": {"covered_lines": 11, "num_statements": 11, "percent_covered": 100.0, "percent_covered_display": "100", "missing_lines": 0, "excluded_lines": 0, "percent_statements_covered": 100.0, "percent_statements_covered_display": "100", "num_branches": 0, "num_partial_branches": 0, "covered_branches": 0, "missing_branches": 0, "percent_branches_covered": 100.0, "percent_branches_covered_display": "100"}, "missing_lines": [], "excluded_lines": [], "executed_branches": [], "missing_branches": [], "functions": {"health": {"executed_lines": [19, 20], "summary": {"covered_lines": 2, "num_statements": 2, "percent_covered": 100.0, "percent_covered_display": "100", "missing_lines": 0, "excluded_lines": 0, "percent_statements_covered": 100.0, "percent_statements_covered_display": "100", "num_branches": 0, "num_partial_branches": 0, "covered_branches": 0, "missing_branches": 0, "percent_branches_covered": 100.0, "percent_branches_covered_display": "100"}, "missing_lines": [], "excluded_lines": [], "start_line": 18, "executed_branches": [], "missing_branches": []}, "": {"executed_lines": [3, 5, 7, 9, 10, 12, 14, 17, 18], "summary": {"covered_lines": 9, "num_statements": 9, "percent_covered": 100.0, "percent_covered_display": "100", "missing_lines": 0, "excluded_lines": 0, "percent_statements_covered": 100.0, "percent_statements_covered_display": "100", "num_branches": 0, "num_partial_branches": 0, "covered_branches": 0, "missing_branches": 0, "percent_branches_covered": 100.0, "percent_branches_covered_display": "100"}, "missing_lines": [], "excluded_lines": [], "start_line": 1, "executed_branches": [], "missing_branches": []}}, "classes": {"": {"executed_lines": [3, 5, 7, 9, 10, 12, 14, 17, 18, 19, 20], "summary": {"covered_lines": 11, "num_statements": 11, "percent_covered": 100.0, "percent_covered_display": "100", "missing_lines": 0, "excluded_lines": 0, "percent_statements_covered": 100.0, "percent_statements_covered_display": "100", "num_branches": 0, "num_partial_branches": 0, "covered_branches": 0, "missing_branches": 0, "percent_branches_covered": 100.0, "percent_branches_covered_display": "100"}, "missing_lines": [], "excluded_lines": [], "start_line": 1, "executed_branches": [], "missing_branches": []}}}, "src\\irisflow\\api\\routes\\profiles.py": {"executed_lines": [3, 5, 7, 9, 10, 11, 12, 14, 16, 19, 20, 21, 22, 23, 24, 25, 28, 39], "summary": {"covered_lines": 18, "num_statements": 20, "percent_covered": 90.9090909090909, "percent_covered_display": "91", "missing_lines": 2, "excluded_lines": 0, "percent_statements_covered": 90.0, "percent_statements_covered_display": "90", "num_branches": 2, "num_partial_branches": 0, "covered_branches": 2, "missing_branches": 0, "percent_branches_covered": 100.0, "percent_branches_covered_display": "100"}, "missing_lines": [26, 27], "excluded_lines": [], "executed_branches": [[23, 24], [23, 39]], "missing_branches": [], "functions": {"list_profiles": {"executed_lines": [21, 22, 23, 24, 25, 28, 39], "summary": {"covered_lines": 7, "num_statements": 9, "percent_covered": 81.81818181818181, "percent_covered_display": "82", "missing_lines": 2, "excluded_lines": 0, "percent_statements_covered": 77.77777777777777, "percent_statements_covered_display": "78", "num_branches": 2, "num_partial_branches": 0, "covered_branches": 2, "missing_branches": 0, "percent_branches_covered": 100.0, "percent_branches_covered_display": "100"}, "missing_lines": [26, 27], "excluded_lines": [], "start_line": 20, "executed_branches": [[23, 24], [23, 39]], "missing_branches": []}, "": {"executed_lines": [3, 5, 7, 9, 10, 11, 12, 14, 16, 19, 20], "summary": {"covered_lines": 11, "num_statements": 11, "percent_covered": 100.0, "percent_covered_display": "100", "missing_lines": 0, "excluded_lines": 0, "percent_statements_covered": 100.0, "percent_statements_covered_display": "100", "num_branches": 0, "num_partial_branches": 0, "covered_branches": 0, "missing_branches": 0, "percent_branches_covered": 100.0, "percent_branches_covered_display": "100"}, "missing_lines": [], "excluded_lines": [], "start_line": 1, "executed_branches": [], "missing_branches": []}}, "classes": {"": {"executed_lines": [3, 5, 7, 9, 10, 11, 12, 14, 16, 19, 20, 21, 22, 23, 24, 25, 28, 39], "summary": {"covered_lines": 18, "num_statements": 20, "percent_covered": 90.9090909090909, "percent_covered_display": "91", "missing_lines": 2, "excluded_lines": 0, "percent_statements_covered": 90.0, "percent_statements_covered_display": "90", "num_branches": 2, "num_partial_branches": 0, "covered_branches": 2, "missing_branches": 0, "percent_branches_covered": 100.0, "percent_branches_covered_display": "100"}, "missing_lines": [26, 27], "excluded_lines": [], "start_line": 1, "executed_branches": [[23, 24], [23, 39]], "missing_branches": []}}}, "src\\irisflow\\api\\schemas.py": {"executed_lines": [20, 22, 24, 26, 56, 59, 62, 68, 71, 72, 73, 74, 75, 76, 77, 78, 81, 88, 89, 92, 93, 94, 95, 96, 97, 98, 99, 102, 105, 108, 111, 112, 113, 114, 115, 116, 117, 123, 126, 127, 128, 129, 130, 131, 132, 133, 134, 137, 138, 139, 140, 141, 144, 145, 146, 147, 150, 151, 152, 153, 154, 155, 156, 157, 160, 161, 162, 163, 164, 165, 166, 169, 170, 171, 172, 173, 174, 175, 176, 179, 180, 181, 182, 183, 184, 185, 188, 189, 190, 191, 192, 195, 196, 197, 198, 201, 218, 219, 222, 223, 226, 227, 230, 231, 232, 235, 236, 237, 238, 239, 242, 245, 246, 249, 250, 253, 254, 255, 258, 259, 260, 263], "summary": {"covered_lines": 122, "num_statements": 122, "percent_covered": 100.0, "percent_covered_display": "100", "missing_lines": 0, "excluded_lines": 0, "percent_statements_covered": 100.0, "percent_statements_covered_display": "100", "num_branches": 0, "num_partial_branches": 0, "covered_branches": 0, "missing_branches": 0, "percent_branches_covered": 100.0, "percent_branches_covered_display": "100"}, "missing_lines": [], "excluded_lines": [], "executed_branches": [], "missing_branches": [], "functions": {"": {"executed_lines": [20, 22, 24, 26, 56, 59, 62, 68, 71, 72, 73, 74, 75, 76, 77, 78, 81, 88, 89, 92, 93, 94, 95, 96, 97, 98, 99, 102, 105, 108, 111, 112, 113, 114, 115, 116, 117, 123, 126, 127, 128, 129, 130, 131, 132, 133, 134, 137, 138, 139, 140, 141, 144, 145, 146, 147, 150, 151, 152, 153, 154, 155, 156, 157, 160, 161, 162, 163, 164, 165, 166, 169, 170, 171, 172, 173, 174, 175, 176, 179, 180, 181, 182, 183, 184, 185, 188, 189, 190, 191, 192, 195, 196, 197, 198, 201, 218, 219, 222, 223, 226, 227, 230, 231, 232, 235, 236, 237, 238, 239, 242, 245, 246, 249, 250, 253, 254, 255, 258, 259, 260, 263], "summary": {"covered_lines": 122, "num_statements": 122, "percent_covered": 100.0, "percent_covered_display": "100", "missing_lines": 0, "excluded_lines": 0, "percent_statements_covered": 100.0, "percent_statements_covered_display": "100", "num_branches": 0, "num_partial_branches": 0, "covered_branches": 0, "missing_branches": 0, "percent_branches_covered": 100.0, "percent_branches_covered_display": "100"}, "missing_lines": [], "excluded_lines": [], "start_line": 1, "executed_branches": [], "missing_branches": []}}, "classes": {"_WireBase": {"executed_lines": [], "summary": {"covered_lines": 0, "num_statements": 0, "percent_covered": 100.0, "percent_covered_display": "100", "missing_lines": 0, "excluded_lines": 0, "percent_statements_covered": 100.0, "percent_statements_covered_display": "100", "num_branches": 0, "num_partial_branches": 0, "covered_branches": 0, "missing_branches": 0, "percent_branches_covered": 100.0, "percent_branches_covered_display": "100"}, "missing_lines": [], "excluded_lines": [], "start_line": 59, "executed_branches": [], "missing_branches": []}, "HealthResponse": {"executed_lines": [], "summary": {"covered_lines": 0, "num_statements": 0, "percent_covered": 100.0, "percent_covered_display": "100", "missing_lines": 0, "excluded_lines": 0, "percent_statements_covered": 100.0, "percent_statements_covered_display": "100", "num_branches": 0, "num_partial_branches": 0, "covered_branches": 0, "missing_branches": 0, "percent_branches_covered": 100.0, "percent_branches_covered_display": "100"}, "missing_lines": [], "excluded_lines": [], "start_line": 68, "executed_branches": [], "missing_branches": []}, "ConfigResponse": {"executed_lines": [], "summary": {"covered_lines": 0, "num_statements": 0, "percent_covered": 100.0, "percent_covered_display": "100", "missing_lines": 0, "excluded_lines": 0, "percent_statements_covered": 100.0, "percent_statements_covered_display": "100", "num_branches": 0, "num_partial_branches": 0, "covered_branches": 0, "missing_branches": 0, "percent_branches_covered": 100.0, "percent_branches_covered_display": "100"}, "missing_lines": [], "excluded_lines": [], "start_line": 81, "executed_branches": [], "missing_branches": []}, "ProfileInfo": {"executed_lines": [], "summary": {"covered_lines": 0, "num_statements": 0, "percent_covered": 100.0, "percent_covered_display": "100", "missing_lines": 0, "excluded_lines": 0, "percent_statements_covered": 100.0, "percent_statements_covered_display": "100", "num_branches": 0, "num_partial_branches": 0, "covered_branches": 0, "missing_branches": 0, "percent_branches_covered": 100.0, "percent_branches_covered_display": "100"}, "missing_lines": [], "excluded_lines": [], "start_line": 92, "executed_branches": [], "missing_branches": []}, "ProfileListResponse": {"executed_lines": [], "summary": {"covered_lines": 0, "num_statements": 0, "percent_covered": 100.0, "percent_covered_display": "100", "missing_lines": 0, "excluded_lines": 0, "percent_statements_covered": 100.0, "percent_statements_covered_display": "100", "num_branches": 0, "num_partial_branches": 0, "covered_branches": 0, "missing_branches": 0, "percent_branches_covered": 100.0, "percent_branches_covered_display": "100"}, "missing_lines": [], "excluded_lines": [], "start_line": 102, "executed_branches": [], "missing_branches": []}, "CalibrationStatusResponse": {"executed_lines": [], "summary": {"covered_lines": 0, "num_statements": 0, "percent_covered": 100.0, "percent_covered_display": "100", "missing_lines": 0, "excluded_lines": 0, "percent_statements_covered": 100.0, "percent_statements_covered_display": "100", "num_branches": 0, "num_partial_branches": 0, "covered_branches": 0, "missing_branches": 0, "percent_branches_covered": 100.0, "percent_branches_covered_display": "100"}, "missing_lines": [], "excluded_lines": [], "start_line": 108, "executed_branches": [], "missing_branches": []}, "GazeMessage": {"executed_lines": [], "summary": {"covered_lines": 0, "num_statements": 0, "percent_covered": 100.0, "percent_covered_display": "100", "missing_lines": 0, "excluded_lines": 0, "percent_statements_covered": 100.0, "percent_statements_covered_display": "100", "num_branches": 0, "num_partial_branches": 0, "covered_branches": 0, "missing_branches": 0, "percent_branches_covered": 100.0, "percent_branches_covered_display": "100"}, "missing_lines": [], "excluded_lines": [], "start_line": 123, "executed_branches": [], "missing_branches": []}, "StateMessage": {"executed_lines": [], "summary": {"covered_lines": 0, "num_statements": 0, "percent_covered": 100.0, "percent_covered_display": "100", "missing_lines": 0, "excluded_lines": 0, "percent_statements_covered": 100.0, "percent_statements_covered_display": "100", "num_branches": 0, "num_partial_branches": 0, "covered_branches": 0, "missing_branches": 0, "percent_branches_covered": 100.0, "percent_branches_covered_display": "100"}, "missing_lines": [], "excluded_lines": [], "start_line": 137, "executed_branches": [], "missing_branches": []}, "FaceLostMessage": {"executed_lines": [], "summary": {"covered_lines": 0, "num_statements": 0, "percent_covered": 100.0, "percent_covered_display": "100", "missing_lines": 0, "excluded_lines": 0, "percent_statements_covered": 100.0, "percent_statements_covered_display": "100", "num_branches": 0, "num_partial_branches": 0, "covered_branches": 0, "missing_branches": 0, "percent_branches_covered": 100.0, "percent_branches_covered_display": "100"}, "missing_lines": [], "excluded_lines": [], "start_line": 144, "executed_branches": [], "missing_branches": []}, "DwellProgressMessage": {"executed_lines": [], "summary": {"covered_lines": 0, "num_statements": 0, "percent_covered": 100.0, "percent_covered_display": "100", "missing_lines": 0, "excluded_lines": 0, "percent_statements_covered": 100.0, "percent_statements_covered_display": "100", "num_branches": 0, "num_partial_branches": 0, "covered_branches": 0, "missing_branches": 0, "percent_branches_covered": 100.0, "percent_branches_covered_display": "100"}, "missing_lines": [], "excluded_lines": [], "start_line": 150, "executed_branches": [], "missing_branches": []}, "ClickMessage": {"executed_lines": [], "summary": {"covered_lines": 0, "num_statements": 0, "percent_covered": 100.0, "percent_covered_display": "100", "missing_lines": 0, "excluded_lines": 0, "percent_statements_covered": 100.0, "percent_statements_covered_display": "100", "num_branches": 0, "num_partial_branches": 0, "covered_branches": 0, "missing_branches": 0, "percent_branches_covered": 100.0, "percent_branches_covered_display": "100"}, "missing_lines": [], "excluded_lines": [], "start_line": 160, "executed_branches": [], "missing_branches": []}, "CalibrationPointMessage": {"executed_lines": [], "summary": {"covered_lines": 0, "num_statements": 0, "percent_covered": 100.0, "percent_covered_display": "100", "missing_lines": 0, "excluded_lines": 0, "percent_statements_covered": 100.0, "percent_statements_covered_display": "100", "num_branches": 0, "num_partial_branches": 0, "covered_branches": 0, "missing_branches": 0, "percent_branches_covered": 100.0, "percent_branches_covered_display": "100"}, "missing_lines": [], "excluded_lines": [], "start_line": 169, "executed_branches": [], "missing_branches": []}, "CalibrationResultMessage": {"executed_lines": [], "summary": {"covered_lines": 0, "num_statements": 0, "percent_covered": 100.0, "percent_covered_display": "100", "missing_lines": 0, "excluded_lines": 0, "percent_statements_covered": 100.0, "percent_statements_covered_display": "100", "num_branches": 0, "num_partial_branches": 0, "covered_branches": 0, "missing_branches": 0, "percent_branches_covered": 100.0, "percent_branches_covered_display": "100"}, "missing_lines": [], "excluded_lines": [], "start_line": 179, "executed_branches": [], "missing_branches": []}, "SafetyMessage": {"executed_lines": [], "summary": {"covered_lines": 0, "num_statements": 0, "percent_covered": 100.0, "percent_covered_display": "100", "missing_lines": 0, "excluded_lines": 0, "percent_statements_covered": 100.0, "percent_statements_covered_display": "100", "num_branches": 0, "num_partial_branches": 0, "covered_branches": 0, "missing_branches": 0, "percent_branches_covered": 100.0, "percent_branches_covered_display": "100"}, "missing_lines": [], "excluded_lines": [], "start_line": 188, "executed_branches": [], "missing_branches": []}, "ErrorMessage": {"executed_lines": [], "summary": {"covered_lines": 0, "num_statements": 0, "percent_covered": 100.0, "percent_covered_display": "100", "missing_lines": 0, "excluded_lines": 0, "percent_statements_covered": 100.0, "percent_statements_covered_display": "100", "num_branches": 0, "num_partial_branches": 0, "covered_branches": 0, "missing_branches": 0, "percent_branches_covered": 100.0, "percent_branches_covered_display": "100"}, "missing_lines": [], "excluded_lines": [], "start_line": 195, "executed_branches": [], "missing_branches": []}, "StartTrackingMessage": {"executed_lines": [], "summary": {"covered_lines": 0, "num_statements": 0, "percent_covered": 100.0, "percent_covered_display": "100", "missing_lines": 0, "excluded_lines": 0, "percent_statements_covered": 100.0, "percent_statements_covered_display": "100", "num_branches": 0, "num_partial_branches": 0, "covered_branches": 0, "missing_branches": 0, "percent_branches_covered": 100.0, "percent_branches_covered_display": "100"}, "missing_lines": [], "excluded_lines": [], "start_line": 218, "executed_branches": [], "missing_branches": []}, "PauseMessage": {"executed_lines": [], "summary": {"covered_lines": 0, "num_statements": 0, "percent_covered": 100.0, "percent_covered_display": "100", "missing_lines": 0, "excluded_lines": 0, "percent_statements_covered": 100.0, "percent_statements_covered_display": "100", "num_branches": 0, "num_partial_branches": 0, "covered_branches": 0, "missing_branches": 0, "percent_branches_covered": 100.0, "percent_branches_covered_display": "100"}, "missing_lines": [], "excluded_lines": [], "start_line": 222, "executed_branches": [], "missing_branches": []}, "ResumeMessage": {"executed_lines": [], "summary": {"covered_lines": 0, "num_statements": 0, "percent_covered": 100.0, "percent_covered_display": "100", "missing_lines": 0, "excluded_lines": 0, "percent_statements_covered": 100.0, "percent_statements_covered_display": "100", "num_branches": 0, "num_partial_branches": 0, "covered_branches": 0, "missing_branches": 0, "percent_branches_covered": 100.0, "percent_branches_covered_display": "100"}, "missing_lines": [], "excluded_lines": [], "start_line": 226, "executed_branches": [], "missing_branches": []}, "ScreenInfoPayload": {"executed_lines": [], "summary": {"covered_lines": 0, "num_statements": 0, "percent_covered": 100.0, "percent_covered_display": "100", "missing_lines": 0, "excluded_lines": 0, "percent_statements_covered": 100.0, "percent_statements_covered_display": "100", "num_branches": 0, "num_partial_branches": 0, "covered_branches": 0, "missing_branches": 0, "percent_branches_covered": 100.0, "percent_branches_covered_display": "100"}, "missing_lines": [], "excluded_lines": [], "start_line": 230, "executed_branches": [], "missing_branches": []}, "StartCalibrationMessage": {"executed_lines": [], "summary": {"covered_lines": 0, "num_statements": 0, "percent_covered": 100.0, "percent_covered_display": "100", "missing_lines": 0, "excluded_lines": 0, "percent_statements_covered": 100.0, "percent_statements_covered_display": "100", "num_branches": 0, "num_partial_branches": 0, "covered_branches": 0, "missing_branches": 0, "percent_branches_covered": 100.0, "percent_branches_covered_display": "100"}, "missing_lines": [], "excluded_lines": [], "start_line": 235, "executed_branches": [], "missing_branches": []}, "CalibrationReadyMessage": {"executed_lines": [], "summary": {"covered_lines": 0, "num_statements": 0, "percent_covered": 100.0, "percent_covered_display": "100", "missing_lines": 0, "excluded_lines": 0, "percent_statements_covered": 100.0, "percent_statements_covered_display": "100", "num_branches": 0, "num_partial_branches": 0, "covered_branches": 0, "missing_branches": 0, "percent_branches_covered": 100.0, "percent_branches_covered_display": "100"}, "missing_lines": [], "excluded_lines": [], "start_line": 242, "executed_branches": [], "missing_branches": []}, "CalibrationAbortMessage": {"executed_lines": [], "summary": {"covered_lines": 0, "num_statements": 0, "percent_covered": 100.0, "percent_covered_display": "100", "missing_lines": 0, "excluded_lines": 0, "percent_statements_covered": 100.0, "percent_statements_covered_display": "100", "num_branches": 0, "num_partial_branches": 0, "covered_branches": 0, "missing_branches": 0, "percent_branches_covered": 100.0, "percent_branches_covered_display": "100"}, "missing_lines": [], "excluded_lines": [], "start_line": 249, "executed_branches": [], "missing_branches": []}, "SetProfileMessage": {"executed_lines": [], "summary": {"covered_lines": 0, "num_statements": 0, "percent_covered": 100.0, "percent_covered_display": "100", "missing_lines": 0, "excluded_lines": 0, "percent_statements_covered": 100.0, "percent_statements_covered_display": "100", "num_branches": 0, "num_partial_branches": 0, "covered_branches": 0, "missing_branches": 0, "percent_branches_covered": 100.0, "percent_branches_covered_display": "100"}, "missing_lines": [], "excluded_lines": [], "start_line": 253, "executed_branches": [], "missing_branches": []}, "SetCursorControlMessage": {"executed_lines": [], "summary": {"covered_lines": 0, "num_statements": 0, "percent_covered": 100.0, "percent_covered_display": "100", "missing_lines": 0, "excluded_lines": 0, "percent_statements_covered": 100.0, "percent_statements_covered_display": "100", "num_branches": 0, "num_partial_branches": 0, "covered_branches": 0, "missing_branches": 0, "percent_branches_covered": 100.0, "percent_branches_covered_display": "100"}, "missing_lines": [], "excluded_lines": [], "start_line": 258, "executed_branches": [], "missing_branches": []}, "": {"executed_lines": [20, 22, 24, 26, 56, 59, 62, 68, 71, 72, 73, 74, 75, 76, 77, 78, 81, 88, 89, 92, 93, 94, 95, 96, 97, 98, 99, 102, 105, 108, 111, 112, 113, 114, 115, 116, 117, 123, 126, 127, 128, 129, 130, 131, 132, 133, 134, 137, 138, 139, 140, 141, 144, 145, 146, 147, 150, 151, 152, 153, 154, 155, 156, 157, 160, 161, 162, 163, 164, 165, 166, 169, 170, 171, 172, 173, 174, 175, 176, 179, 180, 181, 182, 183, 184, 185, 188, 189, 190, 191, 192, 195, 196, 197, 198, 201, 218, 219, 222, 223, 226, 227, 230, 231, 232, 235, 236, 237, 238, 239, 242, 245, 246, 249, 250, 253, 254, 255, 258, 259, 260, 263], "summary": {"covered_lines": 122, "num_statements": 122, "percent_covered": 100.0, "percent_covered_display": "100", "missing_lines": 0, "excluded_lines": 0, "percent_statements_covered": 100.0, "percent_statements_covered_display": "100", "num_branches": 0, "num_partial_branches": 0, "covered_branches": 0, "missing_branches": 0, "percent_branches_covered": 100.0, "percent_branches_covered_display": "100"}, "missing_lines": [], "excluded_lines": [], "start_line": 1, "executed_branches": [], "missing_branches": []}}}, "src\\irisflow\\api\\session.py": {"executed_lines": [19, 21, 22, 23, 24, 25, 26, 28, 39, 54, 61, 62, 65, 72, 73, 74, 75, 85, 86, 91, 93, 102, 110, 119, 121, 123, 126, 127, 136, 137, 138, 139, 140, 141, 142, 144, 145, 146, 148, 154, 155, 156, 157, 158, 159, 161, 165, 167, 177, 178, 179, 180, 181, 182, 185, 186, 187, 188, 189, 190, 193, 194, 195, 196, 199, 200, 201, 202, 203, 205, 208, 216, 225, 232, 233, 234, 235, 236, 237, 240, 241, 243, 244, 246, 247, 248, 249, 250, 252, 258, 259, 260, 262, 263, 264, 265, 269, 274, 276, 281, 282, 283, 284, 285, 286, 288, 289, 290, 291, 298, 303, 304], "summary": {"covered_lines": 112, "num_statements": 134, "percent_covered": 82.183908045977, "percent_covered_display": "82", "missing_lines": 22, "excluded_lines": 2, "percent_statements_covered": 83.58208955223881, "percent_statements_covered_display": "84", "num_branches": 40, "num_partial_branches": 9, "covered_branches": 31, "missing_branches": 9, "percent_branches_covered": 77.5, "percent_branches_covered_display": "78"}, "missing_lines": [92, 94, 103, 111, 120, 122, 162, 163, 164, 197, 198, 204, 242, 254, 255, 266, 267, 270, 271, 292, 295, 300], "excluded_lines": [51, 52], "executed_branches": [[72, 73], [72, 85], [85, 86], [85, 91], [91, 93], [93, 102], [102, 110], [110, 119], [119, 121], [121, 123], [154, 155], [154, 161], [155, 156], [155, 159], [161, 165], [177, 178], [177, 179], [189, 190], [189, 193], [193, 194], [193, 200], [200, 201], [200, 203], [203, 205], [241, 243], [247, 248], [247, 249], [281, 282], [281, 283], [285, -274], [285, 286]], "missing_branches": [[91, 92], [93, 94], [102, 103], [110, 111], [119, 120], [121, 122], [161, 162], [203, 204], [241, 242]], "functions": {"translate_event": {"executed_lines": [72, 73, 74, 75, 85, 86, 91, 93, 102, 110, 119, 121, 123], "summary": {"covered_lines": 13, "num_statements": 19, "percent_covered": 65.71428571428571, "percent_covered_display": "66", "missing_lines": 6, "excluded_lines": 0, "percent_statements_covered": 68.42105263157895, "percent_statements_covered_display": "68", "num_branches": 16, "num_partial_branches": 6, "covered_branches": 10, "missing_branches": 6, "percent_branches_covered": 62.5, "percent_branches_covered_display": "62"}, "missing_lines": [92, 94, 103, 111, 120, 122], "excluded_lines": [], "start_line": 65, "executed_branches": [[72, 73], [72, 85], [85, 86], [85, 91], [91, 93], [93, 102], [102, 110], [110, 119], [119, 121], [121, 123]], "missing_branches": [[91, 92], [93, 94], [102, 103], [110, 111], [119, 120], [121, 122]]}, "ClientSession.__post_init__": {"executed_lines": [145, 146], "summary": {"covered_lines": 2, "num_statements": 2, "percent_covered": 100.0, "percent_covered_display": "100", "missing_lines": 0, "excluded_lines": 0, "percent_statements_covered": 100.0, "percent_statements_covered_display": "100", "num_branches": 0, "num_partial_branches": 0, "covered_branches": 0, "missing_branches": 0, "percent_branches_covered": 100.0, "percent_branches_covered_display": "100"}, "missing_lines": [], "excluded_lines": [], "start_line": 144, "executed_branches": [], "missing_branches": []}, "ClientSession.offer": {"executed_lines": [154, 155, 156, 157, 158, 159, 161, 165], "summary": {"covered_lines": 8, "num_statements": 11, "percent_covered": 76.47058823529412, "percent_covered_display": "76", "missing_lines": 3, "excluded_lines": 0, "percent_statements_covered": 72.72727272727273, "percent_statements_covered_display": "73", "num_branches": 6, "num_partial_branches": 1, "covered_branches": 5, "missing_branches": 1, "percent_branches_covered": 83.33333333333333, "percent_branches_covered_display": "83"}, "missing_lines": [162, 163, 164], "excluded_lines": [], "start_line": 148, "executed_branches": [[154, 155], [154, 161], [155, 156], [155, 159], [161, 165]], "missing_branches": [[161, 162]]}, "ClientSession.next_outgoing": {"executed_lines": [177, 178, 179, 180, 181, 182, 185, 186, 187, 188, 189, 190, 193, 194, 195, 196, 199, 200, 201, 202, 203, 205], "summary": {"covered_lines": 22, "num_statements": 25, "percent_covered": 88.57142857142857, "percent_covered_display": "89", "missing_lines": 3, "excluded_lines": 0, "percent_statements_covered": 88.0, "percent_statements_covered_display": "88", "num_branches": 10, "num_partial_branches": 1, "covered_branches": 9, "missing_branches": 1, "percent_branches_covered": 90.0, "percent_branches_covered_display": "90"}, "missing_lines": [197, 198, 204], "excluded_lines": [], "start_line": 167, "executed_branches": [[177, 178], [177, 179], [189, 190], [189, 193], [193, 194], [193, 200], [200, 201], [200, 203], [203, 205]], "missing_branches": [[203, 204]]}, "SessionHub.__init__": {"executed_lines": [232, 233, 234, 235, 236, 237], "summary": {"covered_lines": 6, "num_statements": 6, "percent_covered": 100.0, "percent_covered_display": "100", "missing_lines": 0, "excluded_lines": 0, "percent_statements_covered": 100.0, "percent_statements_covered_display": "100", "num_branches": 0, "num_partial_branches": 0, "covered_branches": 0, "missing_branches": 0, "percent_branches_covered": 100.0, "percent_branches_covered_display": "100"}, "missing_lines": [], "excluded_lines": [], "start_line": 225, "executed_branches": [], "missing_branches": []}, "SessionHub.start": {"executed_lines": [241, 243, 244], "summary": {"covered_lines": 3, "num_statements": 4, "percent_covered": 66.66666666666667, "percent_covered_display": "67", "missing_lines": 1, "excluded_lines": 0, "percent_statements_covered": 75.0, "percent_statements_covered_display": "75", "num_branches": 2, "num_partial_branches": 1, "covered_branches": 1, "missing_branches": 1, "percent_branches_covered": 50.0, "percent_branches_covered_display": "50"}, "missing_lines": [242], "excluded_lines": [], "start_line": 240, "executed_branches": [[241, 243]], "missing_branches": [[241, 242]]}, "SessionHub.stop": {"executed_lines": [247, 248, 249, 250], "summary": {"covered_lines": 4, "num_statements": 4, "percent_covered": 100.0, "percent_covered_display": "100", "missing_lines": 0, "excluded_lines": 0, "percent_statements_covered": 100.0, "percent_statements_covered_display": "100", "num_branches": 2, "num_partial_branches": 0, "covered_branches": 2, "missing_branches": 0, "percent_branches_covered": 100.0, "percent_branches_covered_display": "100"}, "missing_lines": [], "excluded_lines": [], "start_line": 246, "executed_branches": [[247, 248], [247, 249]], "missing_branches": []}, "SessionHub.update_screen": {"executed_lines": [], "summary": {"covered_lines": 0, "num_statements": 2, "percent_covered": 0.0, "percent_covered_display": "0", "missing_lines": 2, "excluded_lines": 0, "percent_statements_covered": 0.0, "percent_statements_covered_display": "0", "num_branches": 0, "num_partial_branches": 0, "covered_branches": 0, "missing_branches": 0, "percent_branches_covered": 100.0, "percent_branches_covered_display": "100"}, "missing_lines": [254, 255], "excluded_lines": [], "start_line": 252, "executed_branches": [], "missing_branches": []}, "SessionHub.register": {"executed_lines": [259, 260], "summary": {"covered_lines": 2, "num_statements": 2, "percent_covered": 100.0, "percent_covered_display": "100", "missing_lines": 0, "excluded_lines": 0, "percent_statements_covered": 100.0, "percent_statements_covered_display": "100", "num_branches": 0, "num_partial_branches": 0, "covered_branches": 0, "missing_branches": 0, "percent_branches_covered": 100.0, "percent_branches_covered_display": "100"}, "missing_lines": [], "excluded_lines": [], "start_line": 258, "executed_branches": [], "missing_branches": []}, "SessionHub.unregister": {"executed_lines": [263, 264, 265], "summary": {"covered_lines": 3, "num_statements": 5, "percent_covered": 60.0, "percent_covered_display": "60", "missing_lines": 2, "excluded_lines": 0, "percent_statements_covered": 60.0, "percent_statements_covered_display": "60", "num_branches": 0, "num_partial_branches": 0, "covered_branches": 0, "missing_branches": 0, "percent_branches_covered": 100.0, "percent_branches_covered_display": "100"}, "missing_lines": [266, 267], "excluded_lines": [], "start_line": 262, "executed_branches": [], "missing_branches": []}, "SessionHub.session_count": {"executed_lines": [], "summary": {"covered_lines": 0, "num_statements": 2, "percent_covered": 0.0, "percent_covered_display": "0", "missing_lines": 2, "excluded_lines": 0, "percent_statements_covered": 0.0, "percent_statements_covered_display": "0", "num_branches": 0, "num_partial_branches": 0, "covered_branches": 0, "missing_branches": 0, "percent_branches_covered": 100.0, "percent_branches_covered_display": "100"}, "missing_lines": [270, 271], "excluded_lines": [], "start_line": 269, "executed_branches": [], "missing_branches": []}, "SessionHub._on_event": {"executed_lines": [276, 281, 282, 283, 284, 285, 286], "summary": {"covered_lines": 7, "num_statements": 7, "percent_covered": 100.0, "percent_covered_display": "100", "missing_lines": 0, "excluded_lines": 0, "percent_statements_covered": 100.0, "percent_statements_covered_display": "100", "num_branches": 4, "num_partial_branches": 0, "covered_branches": 4, "missing_branches": 0, "percent_branches_covered": 100.0, "percent_branches_covered_display": "100"}, "missing_lines": [], "excluded_lines": [], "start_line": 274, "executed_branches": [[281, 282], [281, 283], [285, -274], [285, 286]], "missing_branches": []}, "SessionHub._dispatch_message": {"executed_lines": [289, 290, 291], "summary": {"covered_lines": 3, "num_statements": 5, "percent_covered": 60.0, "percent_covered_display": "60", "missing_lines": 2, "excluded_lines": 0, "percent_statements_covered": 60.0, "percent_statements_covered_display": "60", "num_branches": 0, "num_partial_branches": 0, "covered_branches": 0, "missing_branches": 0, "percent_branches_covered": 100.0, "percent_branches_covered_display": "100"}, "missing_lines": [292, 295], "excluded_lines": [], "start_line": 288, "executed_branches": [], "missing_branches": []}, "make_error": {"executed_lines": [], "summary": {"covered_lines": 0, "num_statements": 1, "percent_covered": 0.0, "percent_covered_display": "0", "missing_lines": 1, "excluded_lines": 0, "percent_statements_covered": 0.0, "percent_statements_covered_display": "0", "num_branches": 0, "num_partial_branches": 0, "covered_branches": 0, "missing_branches": 0, "percent_branches_covered": 100.0, "percent_branches_covered_display": "100"}, "missing_lines": [300], "excluded_lines": [], "start_line": 298, "executed_branches": [], "missing_branches": []}, "": {"executed_lines": [19, 21, 22, 23, 24, 25, 26, 28, 39, 54, 61, 62, 65, 126, 127, 136, 137, 138, 139, 140, 141, 142, 144, 148, 167, 208, 216, 225, 240, 246, 252, 258, 262, 269, 274, 288, 298, 303, 304], "summary": {"covered_lines": 39, "num_statements": 39, "percent_covered": 100.0, "percent_covered_display": "100", "missing_lines": 0, "excluded_lines": 2, "percent_statements_covered": 100.0, "percent_statements_covered_display": "100", "num_branches": 0, "num_partial_branches": 0, "covered_branches": 0, "missing_branches": 0, "percent_branches_covered": 100.0, "percent_branches_covered_display": "100"}, "missing_lines": [], "excluded_lines": [51, 52], "start_line": 1, "executed_branches": [], "missing_branches": []}}, "classes": {"ClientSession": {"executed_lines": [145, 146, 154, 155, 156, 157, 158, 159, 161, 165, 177, 178, 179, 180, 181, 182, 185, 186, 187, 188, 189, 190, 193, 194, 195, 196, 199, 200, 201, 202, 203, 205], "summary": {"covered_lines": 32, "num_statements": 38, "percent_covered": 85.18518518518519, "percent_covered_display": "85", "missing_lines": 6, "excluded_lines": 0, "percent_statements_covered": 84.21052631578948, "percent_statements_covered_display": "84", "num_branches": 16, "num_partial_branches": 2, "covered_branches": 14, "missing_branches": 2, "percent_branches_covered": 87.5, "percent_branches_covered_display": "88"}, "missing_lines": [162, 163, 164, 197, 198, 204], "excluded_lines": [], "start_line": 127, "executed_branches": [[154, 155], [154, 161], [155, 156], [155, 159], [161, 165], [177, 178], [177, 179], [189, 190], [189, 193], [193, 194], [193, 200], [200, 201], [200, 203], [203, 205]], "missing_branches": [[161, 162], [203, 204]]}, "SessionHub": {"executed_lines": [232, 233, 234, 235, 236, 237, 241, 243, 244, 247, 248, 249, 250, 259, 260, 263, 264, 265, 276, 281, 282, 283, 284, 285, 286, 289, 290, 291], "summary": {"covered_lines": 28, "num_statements": 37, "percent_covered": 77.77777777777777, "percent_covered_display": "78", "missing_lines": 9, "excluded_lines": 0, "percent_statements_covered": 75.67567567567568, "percent_statements_covered_display": "76", "num_branches": 8, "num_partial_branches": 1, "covered_branches": 7, "missing_branches": 1, "percent_branches_covered": 87.5, "percent_branches_covered_display": "88"}, "missing_lines": [242, 254, 255, 266, 267, 270, 271, 292, 295], "excluded_lines": [], "start_line": 208, "executed_branches": [[241, 243], [247, 248], [247, 249], [281, 282], [281, 283], [285, -274], [285, 286]], "missing_branches": [[241, 242]]}, "": {"executed_lines": [19, 21, 22, 23, 24, 25, 26, 28, 39, 54, 61, 62, 65, 72, 73, 74, 75, 85, 86, 91, 93, 102, 110, 119, 121, 123, 126, 127, 136, 137, 138, 139, 140, 141, 142, 144, 148, 167, 208, 216, 225, 240, 246, 252, 258, 262, 269, 274, 288, 298, 303, 304], "summary": {"covered_lines": 52, "num_statements": 59, "percent_covered": 82.66666666666667, "percent_covered_display": "83", "missing_lines": 7, "excluded_lines": 2, "percent_statements_covered": 88.13559322033899, "percent_statements_covered_display": "88", "num_branches": 16, "num_partial_branches": 6, "covered_branches": 10, "missing_branches": 6, "percent_branches_covered": 62.5, "percent_branches_covered_display": "62"}, "missing_lines": [92, 94, 103, 111, 120, 122, 300], "excluded_lines": [51, 52], "start_line": 1, "executed_branches": [[72, 73], [72, 85], [85, 86], [85, 91], [91, 93], [93, 102], [102, 110], [110, 119], [119, 121], [121, 123]], "missing_branches": [[91, 92], [93, 94], [102, 103], [110, 111], [119, 120], [121, 122]]}}}, "src\\irisflow\\api\\state.py": {"executed_lines": [14, 16, 17, 18, 19, 20, 21, 22, 24, 26, 27, 28, 29, 30, 35, 36, 37, 38, 39, 44, 51, 55, 56, 66, 67, 68, 69, 70, 71, 72, 73, 75, 82, 88, 94, 118, 151, 152, 162, 163, 164, 165, 166, 167, 168, 169, 170, 171, 174, 176, 177, 178, 179, 180, 182, 186, 188, 189, 190, 191, 192, 193, 194, 196, 197, 198, 201, 208, 209, 210, 212, 213, 216, 218, 219, 221, 228, 267, 274, 284, 285, 286, 290, 291, 292, 297, 298, 299, 300, 301, 303, 304, 307, 309, 310, 312], "summary": {"covered_lines": 96, "num_statements": 159, "percent_covered": 55.55555555555556, "percent_covered_display": "56", "missing_lines": 63, "excluded_lines": 4, "percent_statements_covered": 60.37735849056604, "percent_statements_covered_display": "60", "num_branches": 30, "num_partial_branches": 3, "covered_branches": 9, "missing_branches": 21, "percent_branches_covered": 30.0, "percent_branches_covered_display": "30"}, "missing_lines": [52, 76, 77, 78, 79, 80, 83, 84, 85, 86, 90, 91, 92, 95, 96, 97, 98, 99, 100, 101, 107, 108, 109, 110, 115, 116, 119, 121, 122, 123, 124, 133, 134, 136, 137, 138, 139, 148, 214, 215, 238, 239, 242, 255, 263, 264, 265, 268, 269, 270, 271, 276, 277, 278, 279, 280, 281, 287, 288, 293, 294, 302, 311], "excluded_lines": [41, 42, 183, 184], "executed_branches": [[190, 191], [190, 193], [209, 210], [209, 212], [218, 219], [300, 301], [300, 304], [301, 303], [310, 312]], "missing_branches": [[76, 77], [76, 78], [83, 84], [83, 85], [90, 91], [90, 92], [95, 96], [95, 97], [97, 98], [97, 99], [99, 100], [99, 101], [115, -94], [115, 116], [218, -201], [238, 239], [238, 242], [268, 269], [268, 270], [301, 302], [310, 311]], "functions": {"_current_loop": {"executed_lines": [], "summary": {"covered_lines": 0, "num_statements": 1, "percent_covered": 0.0, "percent_covered_display": "0", "missing_lines": 1, "excluded_lines": 0, "percent_statements_covered": 0.0, "percent_statements_covered_display": "0", "num_branches": 0, "num_partial_branches": 0, "covered_branches": 0, "missing_branches": 0, "percent_branches_covered": 100.0, "percent_branches_covered_display": "100"}, "missing_lines": [52], "excluded_lines": [], "start_line": 51, "executed_branches": [], "missing_branches": []}, "CalibrationCoordinator.start": {"executed_lines": [], "summary": {"covered_lines": 0, "num_statements": 5, "percent_covered": 0.0, "percent_covered_display": "0", "missing_lines": 5, "excluded_lines": 0, "percent_statements_covered": 0.0, "percent_statements_covered_display": "0", "num_branches": 2, "num_partial_branches": 0, "covered_branches": 0, "missing_branches": 2, "percent_branches_covered": 0.0, "percent_branches_covered_display": "0"}, "missing_lines": [76, 77, 78, 79, 80], "excluded_lines": [], "start_line": 75, "executed_branches": [], "missing_branches": [[76, 77], [76, 78]]}, "CalibrationCoordinator.stop": {"executed_lines": [], "summary": {"covered_lines": 0, "num_statements": 4, "percent_covered": 0.0, "percent_covered_display": "0", "missing_lines": 4, "excluded_lines": 0, "percent_statements_covered": 0.0, "percent_statements_covered_display": "0", "num_branches": 2, "num_partial_branches": 0, "covered_branches": 0, "missing_branches": 2, "percent_branches_covered": 0.0, "percent_branches_covered_display": "0"}, "missing_lines": [83, 84, 85, 86], "excluded_lines": [], "start_line": 82, "executed_branches": [], "missing_branches": [[83, 84], [83, 85]]}, "CalibrationCoordinator.request_target": {"executed_lines": [], "summary": {"covered_lines": 0, "num_statements": 3, "percent_covered": 0.0, "percent_covered_display": "0", "missing_lines": 3, "excluded_lines": 0, "percent_statements_covered": 0.0, "percent_statements_covered_display": "0", "num_branches": 2, "num_partial_branches": 0, "covered_branches": 0, "missing_branches": 2, "percent_branches_covered": 0.0, "percent_branches_covered_display": "0"}, "missing_lines": [90, 91, 92], "excluded_lines": [], "start_line": 88, "executed_branches": [], "missing_branches": [[90, 91], [90, 92]]}, "CalibrationCoordinator._on_raw": {"executed_lines": [], "summary": {"covered_lines": 0, "num_statements": 13, "percent_covered": 0.0, "percent_covered_display": "0", "missing_lines": 13, "excluded_lines": 0, "percent_statements_covered": 0.0, "percent_statements_covered_display": "0", "num_branches": 8, "num_partial_branches": 0, "covered_branches": 0, "missing_branches": 8, "percent_branches_covered": 0.0, "percent_branches_covered_display": "0"}, "missing_lines": [95, 96, 97, 98, 99, 100, 101, 107, 108, 109, 110, 115, 116], "excluded_lines": [], "start_line": 94, "executed_branches": [], "missing_branches": [[95, 96], [95, 97], [97, 98], [97, 99], [99, 100], [99, 101], [115, -94], [115, 116]]}, "CalibrationCoordinator._finalize": {"executed_lines": [], "summary": {"covered_lines": 0, "num_statements": 12, "percent_covered": 0.0, "percent_covered_display": "0", "missing_lines": 12, "excluded_lines": 0, "percent_statements_covered": 0.0, "percent_statements_covered_display": "0", "num_branches": 0, "num_partial_branches": 0, "covered_branches": 0, "missing_branches": 0, "percent_branches_covered": 100.0, "percent_branches_covered_display": "100"}, "missing_lines": [119, 121, 122, 123, 124, 133, 134, 136, 137, 138, 139, 148], "excluded_lines": [], "start_line": 118, "executed_branches": [], "missing_branches": []}, "AppState.start": {"executed_lines": [176, 177, 178, 179, 180], "summary": {"covered_lines": 5, "num_statements": 5, "percent_covered": 100.0, "percent_covered_display": "100", "missing_lines": 0, "excluded_lines": 0, "percent_statements_covered": 100.0, "percent_statements_covered_display": "100", "num_branches": 0, "num_partial_branches": 0, "covered_branches": 0, "missing_branches": 0, "percent_branches_covered": 100.0, "percent_branches_covered_display": "100"}, "missing_lines": [], "excluded_lines": [], "start_line": 174, "executed_branches": [], "missing_branches": []}, "AppState._run_pipeline": {"executed_lines": [], "summary": {"covered_lines": 0, "num_statements": 0, "percent_covered": 100.0, "percent_covered_display": "100", "missing_lines": 0, "excluded_lines": 2, "percent_statements_covered": 100.0, "percent_statements_covered_display": "100", "num_branches": 0, "num_partial_branches": 0, "covered_branches": 0, "missing_branches": 0, "percent_branches_covered": 100.0, "percent_branches_covered_display": "100"}, "missing_lines": [], "excluded_lines": [183, 184], "start_line": 182, "executed_branches": [], "missing_branches": []}, "AppState.stop": {"executed_lines": [188, 189, 190, 191, 192, 193, 194], "summary": {"covered_lines": 7, "num_statements": 7, "percent_covered": 100.0, "percent_covered_display": "100", "missing_lines": 0, "excluded_lines": 0, "percent_statements_covered": 100.0, "percent_statements_covered_display": "100", "num_branches": 2, "num_partial_branches": 0, "covered_branches": 2, "missing_branches": 0, "percent_branches_covered": 100.0, "percent_branches_covered_display": "100"}, "missing_lines": [], "excluded_lines": [], "start_line": 186, "executed_branches": [[190, 191], [190, 193]], "missing_branches": []}, "AppState.runner_alive": {"executed_lines": [198], "summary": {"covered_lines": 1, "num_statements": 1, "percent_covered": 100.0, "percent_covered_display": "100", "missing_lines": 0, "excluded_lines": 0, "percent_statements_covered": 100.0, "percent_statements_covered_display": "100", "num_branches": 0, "num_partial_branches": 0, "covered_branches": 0, "missing_branches": 0, "percent_branches_covered": 100.0, "percent_branches_covered_display": "100"}, "missing_lines": [], "excluded_lines": [], "start_line": 197, "executed_branches": [], "missing_branches": []}, "AppState.apply_runtime_patch": {"executed_lines": [208, 209, 210, 212, 213, 216, 218, 219, 221], "summary": {"covered_lines": 9, "num_statements": 11, "percent_covered": 80.0, "percent_covered_display": "80", "missing_lines": 2, "excluded_lines": 0, "percent_statements_covered": 81.81818181818181, "percent_statements_covered_display": "82", "num_branches": 4, "num_partial_branches": 1, "covered_branches": 3, "missing_branches": 1, "percent_branches_covered": 75.0, "percent_branches_covered_display": "75"}, "missing_lines": [214, 215], "excluded_lines": [], "start_line": 201, "executed_branches": [[209, 210], [209, 212], [218, 219]], "missing_branches": [[218, -201]]}, "AppState.start_calibration": {"executed_lines": [], "summary": {"covered_lines": 0, "num_statements": 7, "percent_covered": 0.0, "percent_covered_display": "0", "missing_lines": 7, "excluded_lines": 0, "percent_statements_covered": 0.0, "percent_statements_covered_display": "0", "num_branches": 2, "num_partial_branches": 0, "covered_branches": 0, "missing_branches": 2, "percent_branches_covered": 0.0, "percent_branches_covered_display": "0"}, "missing_lines": [238, 239, 242, 255, 263, 264, 265], "excluded_lines": [], "start_line": 228, "executed_branches": [], "missing_branches": [[238, 239], [238, 242]]}, "AppState.stop_calibration": {"executed_lines": [], "summary": {"covered_lines": 0, "num_statements": 4, "percent_covered": 0.0, "percent_covered_display": "0", "missing_lines": 4, "excluded_lines": 0, "percent_statements_covered": 0.0, "percent_statements_covered_display": "0", "num_branches": 2, "num_partial_branches": 0, "covered_branches": 0, "missing_branches": 2, "percent_branches_covered": 0.0, "percent_branches_covered_display": "0"}, "missing_lines": [268, 269, 270, 271], "excluded_lines": [], "start_line": 267, "executed_branches": [], "missing_branches": [[268, 269], [268, 270]]}, "AppState.set_active_profile": {"executed_lines": [], "summary": {"covered_lines": 0, "num_statements": 6, "percent_covered": 0.0, "percent_covered_display": "0", "missing_lines": 6, "excluded_lines": 0, "percent_statements_covered": 0.0, "percent_statements_covered_display": "0", "num_branches": 0, "num_partial_branches": 0, "covered_branches": 0, "missing_branches": 0, "percent_branches_covered": 100.0, "percent_branches_covered_display": "100"}, "missing_lines": [276, 277, 278, 279, 280, 281], "excluded_lines": [], "start_line": 274, "executed_branches": [], "missing_branches": []}, "AppState.request_pipeline_pause": {"executed_lines": [285, 286], "summary": {"covered_lines": 2, "num_statements": 4, "percent_covered": 50.0, "percent_covered_display": "50", "missing_lines": 2, "excluded_lines": 0, "percent_statements_covered": 50.0, "percent_statements_covered_display": "50", "num_branches": 0, "num_partial_branches": 0, "covered_branches": 0, "missing_branches": 0, "percent_branches_covered": 100.0, "percent_branches_covered_display": "100"}, "missing_lines": [287, 288], "excluded_lines": [], "start_line": 284, "executed_branches": [], "missing_branches": []}, "AppState.request_pipeline_resume": {"executed_lines": [291, 292], "summary": {"covered_lines": 2, "num_statements": 4, "percent_covered": 50.0, "percent_covered_display": "50", "missing_lines": 2, "excluded_lines": 0, "percent_statements_covered": 50.0, "percent_statements_covered_display": "50", "num_branches": 0, "num_partial_branches": 0, "covered_branches": 0, "missing_branches": 0, "percent_branches_covered": 100.0, "percent_branches_covered_display": "100"}, "missing_lines": [293, 294], "excluded_lines": [], "start_line": 290, "executed_branches": [], "missing_branches": []}, "_set_dotted": {"executed_lines": [298, 299, 300, 301, 303, 304], "summary": {"covered_lines": 6, "num_statements": 7, "percent_covered": 81.81818181818181, "percent_covered_display": "82", "missing_lines": 1, "excluded_lines": 0, "percent_statements_covered": 85.71428571428571, "percent_statements_covered_display": "86", "num_branches": 4, "num_partial_branches": 1, "covered_branches": 3, "missing_branches": 1, "percent_branches_covered": 75.0, "percent_branches_covered_display": "75"}, "missing_lines": [302], "excluded_lines": [], "start_line": 297, "executed_branches": [[300, 301], [300, 304], [301, 303]], "missing_branches": [[301, 302]]}, "get_app_state": {"executed_lines": [309, 310, 312], "summary": {"covered_lines": 3, "num_statements": 4, "percent_covered": 66.66666666666667, "percent_covered_display": "67", "missing_lines": 1, "excluded_lines": 0, "percent_statements_covered": 75.0, "percent_statements_covered_display": "75", "num_branches": 2, "num_partial_branches": 1, "covered_branches": 1, "missing_branches": 1, "percent_branches_covered": 50.0, "percent_branches_covered_display": "50"}, "missing_lines": [311], "excluded_lines": [], "start_line": 307, "executed_branches": [[310, 312]], "missing_branches": [[310, 311]]}, "": {"executed_lines": [14, 16, 17, 18, 19, 20, 21, 22, 24, 26, 27, 28, 29, 30, 35, 36, 37, 38, 39, 44, 51, 55, 56, 66, 67, 68, 69, 70, 71, 72, 73, 75, 82, 88, 94, 118, 151, 152, 162, 163, 164, 165, 166, 167, 168, 169, 170, 171, 174, 182, 186, 196, 197, 201, 228, 267, 274, 284, 290, 297, 307], "summary": {"covered_lines": 61, "num_statements": 61, "percent_covered": 100.0, "percent_covered_display": "100", "missing_lines": 0, "excluded_lines": 2, "percent_statements_covered": 100.0, "percent_statements_covered_display": "100", "num_branches": 0, "num_partial_branches": 0, "covered_branches": 0, "missing_branches": 0, "percent_branches_covered": 100.0, "percent_branches_covered_display": "100"}, "missing_lines": [], "excluded_lines": [41, 42], "start_line": 1, "executed_branches": [], "missing_branches": []}}, "classes": {"CalibrationCoordinator": {"executed_lines": [], "summary": {"covered_lines": 0, "num_statements": 37, "percent_covered": 0.0, "percent_covered_display": "0", "missing_lines": 37, "excluded_lines": 0, "percent_statements_covered": 0.0, "percent_statements_covered_display": "0", "num_branches": 14, "num_partial_branches": 0, "covered_branches": 0, "missing_branches": 14, "percent_branches_covered": 0.0, "percent_branches_covered_display": "0"}, "missing_lines": [76, 77, 78, 79, 80, 83, 84, 85, 86, 90, 91, 92, 95, 96, 97, 98, 99, 100, 101, 107, 108, 109, 110, 115, 116, 119, 121, 122, 123, 124, 133, 134, 136, 137, 138, 139, 148], "excluded_lines": [], "start_line": 56, "executed_branches": [], "missing_branches": [[76, 77], [76, 78], [83, 84], [83, 85], [90, 91], [90, 92], [95, 96], [95, 97], [97, 98], [97, 99], [99, 100], [99, 101], [115, -94], [115, 116]]}, "AppState": {"executed_lines": [176, 177, 178, 179, 180, 188, 189, 190, 191, 192, 193, 194, 198, 208, 209, 210, 212, 213, 216, 218, 219, 221, 285, 286, 291, 292], "summary": {"covered_lines": 26, "num_statements": 49, "percent_covered": 52.54237288135593, "percent_covered_display": "53", "missing_lines": 23, "excluded_lines": 2, "percent_statements_covered": 53.06122448979592, "percent_statements_covered_display": "53", "num_branches": 10, "num_partial_branches": 1, "covered_branches": 5, "missing_branches": 5, "percent_branches_covered": 50.0, "percent_branches_covered_display": "50"}, "missing_lines": [214, 215, 238, 239, 242, 255, 263, 264, 265, 268, 269, 270, 271, 276, 277, 278, 279, 280, 281, 287, 288, 293, 294], "excluded_lines": [183, 184], "start_line": 152, "executed_branches": [[190, 191], [190, 193], [209, 210], [209, 212], [218, 219]], "missing_branches": [[218, -201], [238, 239], [238, 242], [268, 269], [268, 270]]}, "": {"executed_lines": [14, 16, 17, 18, 19, 20, 21, 22, 24, 26, 27, 28, 29, 30, 35, 36, 37, 38, 39, 44, 51, 55, 56, 66, 67, 68, 69, 70, 71, 72, 73, 75, 82, 88, 94, 118, 151, 152, 162, 163, 164, 165, 166, 167, 168, 169, 170, 171, 174, 182, 186, 196, 197, 201, 228, 267, 274, 284, 290, 297, 298, 299, 300, 301, 303, 304, 307, 309, 310, 312], "summary": {"covered_lines": 70, "num_statements": 73, "percent_covered": 93.67088607594937, "percent_covered_display": "94", "missing_lines": 3, "excluded_lines": 2, "percent_statements_covered": 95.89041095890411, "percent_statements_covered_display": "96", "num_branches": 6, "num_partial_branches": 2, "covered_branches": 4, "missing_branches": 2, "percent_branches_covered": 66.66666666666667, "percent_branches_covered_display": "67"}, "missing_lines": [52, 302, 311], "excluded_lines": [41, 42], "start_line": 1, "executed_branches": [[300, 301], [300, 304], [301, 303], [310, 312]], "missing_branches": [[301, 302], [310, 311]]}}}, "src\\irisflow\\api\\ws.py": {"executed_lines": [16, 18, 19, 20, 21, 23, 24, 26, 40, 41, 42, 43, 45, 48, 51, 52, 53, 54, 55, 58, 59, 60, 62, 63, 64, 65, 66, 67, 69, 70, 74, 75, 76, 77, 78, 79, 80, 86, 87, 88, 89, 92, 93, 94, 95, 96, 98, 99, 100, 103, 104, 105, 106, 107, 108, 109, 110, 111, 112, 116, 117, 118, 123, 124, 127, 128, 129, 130, 131, 132, 166, 194, 195, 196, 201], "summary": {"covered_lines": 75, "num_statements": 127, "percent_covered": 53.503184713375795, "percent_covered_display": "54", "missing_lines": 52, "excluded_lines": 0, "percent_statements_covered": 59.05511811023622, "percent_statements_covered_display": "59", "num_branches": 30, "num_partial_branches": 3, "covered_branches": 9, "missing_branches": 21, "percent_branches_covered": 30.0, "percent_branches_covered_display": "30"}, "missing_lines": [56, 57, 68, 71, 72, 81, 82, 83, 84, 119, 120, 125, 126, 133, 134, 135, 137, 138, 139, 140, 141, 142, 143, 144, 145, 146, 147, 148, 149, 150, 151, 155, 156, 157, 158, 159, 160, 161, 162, 163, 169, 173, 174, 176, 178, 179, 181, 182, 190, 191, 197, 198], "excluded_lines": [], "executed_branches": [[55, 58], [92, 93], [92, 94], [94, 95], [94, 98], [124, 127], [127, 128], [127, 130], [130, 131]], "missing_branches": [[55, 56], [124, 125], [130, 133], [133, 134], [133, 139], [134, 135], [134, 137], [139, 140], [139, 145], [145, 146], [145, 148], [148, 149], [148, 161], [150, 151], [150, 156], [161, -123], [161, 162], [173, -169], [173, 174], [178, -176], [178, 179]], "functions": {"gaze_socket": {"executed_lines": [53, 54, 55, 58, 59, 60, 62, 74, 86, 87, 88, 89, 92, 93, 94, 95, 96, 98, 99, 100], "summary": {"covered_lines": 20, "num_statements": 22, "percent_covered": 89.28571428571429, "percent_covered_display": "89", "missing_lines": 2, "excluded_lines": 0, "percent_statements_covered": 90.9090909090909, "percent_statements_covered_display": "91", "num_branches": 6, "num_partial_branches": 1, "covered_branches": 5, "missing_branches": 1, "percent_branches_covered": 83.33333333333333, "percent_branches_covered_display": "83"}, "missing_lines": [56, 57], "excluded_lines": [], "start_line": 52, "executed_branches": [[55, 58], [92, 93], [92, 94], [94, 95], [94, 98]], "missing_branches": [[55, 56]]}, "gaze_socket._sender": {"executed_lines": [63, 64, 65, 66, 67, 69, 70], "summary": {"covered_lines": 7, "num_statements": 10, "percent_covered": 70.0, "percent_covered_display": "70", "missing_lines": 3, "excluded_lines": 0, "percent_statements_covered": 70.0, "percent_statements_covered_display": "70", "num_branches": 0, "num_partial_branches": 0, "covered_branches": 0, "missing_branches": 0, "percent_branches_covered": 100.0, "percent_branches_covered_display": "100"}, "missing_lines": [68, 71, 72], "excluded_lines": [], "start_line": 62, "executed_branches": [], "missing_branches": []}, "gaze_socket._receiver": {"executed_lines": [75, 76, 77, 78, 79, 80], "summary": {"covered_lines": 6, "num_statements": 10, "percent_covered": 60.0, "percent_covered_display": "60", "missing_lines": 4, "excluded_lines": 0, "percent_statements_covered": 60.0, "percent_statements_covered_display": "60", "num_branches": 0, "num_partial_branches": 0, "covered_branches": 0, "missing_branches": 0, "percent_branches_covered": 100.0, "percent_branches_covered_display": "100"}, "missing_lines": [81, 82, 83, 84], "excluded_lines": [], "start_line": 74, "executed_branches": [], "missing_branches": []}, "_handle_client_text": {"executed_lines": [104, 105, 106, 107, 108, 109, 110, 111, 112, 116, 117, 118], "summary": {"covered_lines": 12, "num_statements": 14, "percent_covered": 85.71428571428571, "percent_covered_display": "86", "missing_lines": 2, "excluded_lines": 0, "percent_statements_covered": 85.71428571428571, "percent_statements_covered_display": "86", "num_branches": 0, "num_partial_branches": 0, "covered_branches": 0, "missing_branches": 0, "percent_branches_covered": 100.0, "percent_branches_covered_display": "100"}, "missing_lines": [119, 120], "excluded_lines": [], "start_line": 103, "executed_branches": [], "missing_branches": []}, "_dispatch": {"executed_lines": [124, 127, 128, 129, 130, 131, 132], "summary": {"covered_lines": 7, "num_statements": 36, "percent_covered": 19.642857142857142, "percent_covered_display": "20", "missing_lines": 29, "excluded_lines": 0, "percent_statements_covered": 19.444444444444443, "percent_statements_covered_display": "19", "num_branches": 20, "num_partial_branches": 2, "covered_branches": 4, "missing_branches": 16, "percent_branches_covered": 20.0, "percent_branches_covered_display": "20"}, "missing_lines": [125, 126, 133, 134, 135, 137, 138, 139, 140, 141, 142, 143, 144, 145, 146, 147, 148, 149, 150, 151, 155, 156, 157, 158, 159, 160, 161, 162, 163], "excluded_lines": [], "start_line": 123, "executed_branches": [[124, 127], [127, 128], [127, 130], [130, 131]], "missing_branches": [[124, 125], [130, 133], [133, 134], [133, 139], [134, 135], [134, 137], [139, 140], [139, 145], [145, 146], [145, 148], [148, 149], [148, 161], [150, 151], [150, 156], [161, -123], [161, 162]]}, "_handle_start_calibration": {"executed_lines": [], "summary": {"covered_lines": 0, "num_statements": 6, "percent_covered": 0.0, "percent_covered_display": "0", "missing_lines": 6, "excluded_lines": 0, "percent_statements_covered": 0.0, "percent_statements_covered_display": "0", "num_branches": 0, "num_partial_branches": 0, "covered_branches": 0, "missing_branches": 0, "percent_branches_covered": 100.0, "percent_branches_covered_display": "100"}, "missing_lines": [169, 176, 181, 182, 190, 191], "excluded_lines": [], "start_line": 166, "executed_branches": [], "missing_branches": []}, "_handle_start_calibration._publish": {"executed_lines": [], "summary": {"covered_lines": 0, "num_statements": 2, "percent_covered": 0.0, "percent_covered_display": "0", "missing_lines": 2, "excluded_lines": 0, "percent_statements_covered": 0.0, "percent_statements_covered_display": "0", "num_branches": 2, "num_partial_branches": 0, "covered_branches": 0, "missing_branches": 2, "percent_branches_covered": 0.0, "percent_branches_covered_display": "0"}, "missing_lines": [173, 174], "excluded_lines": [], "start_line": 169, "executed_branches": [], "missing_branches": [[173, -169], [173, 174]]}, "_handle_start_calibration._broadcast_result": {"executed_lines": [], "summary": {"covered_lines": 0, "num_statements": 2, "percent_covered": 0.0, "percent_covered_display": "0", "missing_lines": 2, "excluded_lines": 0, "percent_statements_covered": 0.0, "percent_statements_covered_display": "0", "num_branches": 2, "num_partial_branches": 0, "covered_branches": 0, "missing_branches": 2, "percent_branches_covered": 0.0, "percent_branches_covered_display": "0"}, "missing_lines": [178, 179], "excluded_lines": [], "start_line": 176, "executed_branches": [], "missing_branches": [[178, -176], [178, 179]]}, "_send": {"executed_lines": [195, 196], "summary": {"covered_lines": 2, "num_statements": 4, "percent_covered": 50.0, "percent_covered_display": "50", "missing_lines": 2, "excluded_lines": 0, "percent_statements_covered": 50.0, "percent_statements_covered_display": "50", "num_branches": 0, "num_partial_branches": 0, "covered_branches": 0, "missing_branches": 0, "percent_branches_covered": 100.0, "percent_branches_covered_display": "100"}, "missing_lines": [197, 198], "excluded_lines": [], "start_line": 194, "executed_branches": [], "missing_branches": []}, "": {"executed_lines": [16, 18, 19, 20, 21, 23, 24, 26, 40, 41, 42, 43, 45, 48, 51, 52, 103, 123, 166, 194, 201], "summary": {"covered_lines": 21, "num_statements": 21, "percent_covered": 100.0, "percent_covered_display": "100", "missing_lines": 0, "excluded_lines": 0, "percent_statements_covered": 100.0, "percent_statements_covered_display": "100", "num_branches": 0, "num_partial_branches": 0, "covered_branches": 0, "missing_branches": 0, "percent_branches_covered": 100.0, "percent_branches_covered_display": "100"}, "missing_lines": [], "excluded_lines": [], "start_line": 1, "executed_branches": [], "missing_branches": []}}, "classes": {"": {"executed_lines": [16, 18, 19, 20, 21, 23, 24, 26, 40, 41, 42, 43, 45, 48, 51, 52, 53, 54, 55, 58, 59, 60, 62, 63, 64, 65, 66, 67, 69, 70, 74, 75, 76, 77, 78, 79, 80, 86, 87, 88, 89, 92, 93, 94, 95, 96, 98, 99, 100, 103, 104, 105, 106, 107, 108, 109, 110, 111, 112, 116, 117, 118, 123, 124, 127, 128, 129, 130, 131, 132, 166, 194, 195, 196, 201], "summary": {"covered_lines": 75, "num_statements": 127, "percent_covered": 53.503184713375795, "percent_covered_display": "54", "missing_lines": 52, "excluded_lines": 0, "percent_statements_covered": 59.05511811023622, "percent_statements_covered_display": "59", "num_branches": 30, "num_partial_branches": 3, "covered_branches": 9, "missing_branches": 21, "percent_branches_covered": 30.0, "percent_branches_covered_display": "30"}, "missing_lines": [56, 57, 68, 71, 72, 81, 82, 83, 84, 119, 120, 125, 126, 133, 134, 135, 137, 138, 139, 140, 141, 142, 143, 144, 145, 146, 147, 148, 149, 150, 151, 155, 156, 157, 158, 159, 160, 161, 162, 163, 169, 173, 174, 176, 178, 179, 181, 182, 190, 191, 197, 198], "excluded_lines": [], "start_line": 1, "executed_branches": [[55, 58], [92, 93], [92, 94], [94, 95], [94, 98], [124, 127], [127, 128
[...]
s": [77, 78, 79, 80, 81, 82, 84, 85, 86, 87, 89, 90, 93], "summary": {"covered_lines": 13, "num_statements": 14, "percent_covered": 87.5, "percent_covered_display": "88", "missing_lines": 1, "excluded_lines": 0, "percent_statements_covered": 92.85714285714286, "percent_statements_covered_display": "93", "num_branches": 2, "num_partial_branches": 1, "covered_branches": 1, "missing_branches": 1, "percent_branches_covered": 50.0, "percent_branches_covered_display": "50"}, "missing_lines": [91], "excluded_lines": [], "start_line": 64, "executed_branches": [[90, 93]], "missing_branches": [[90, 91]]}, "render_session_report": {"executed_lines": [112, 123, 131], "summary": {"covered_lines": 3, "num_statements": 6, "percent_covered": 40.0, "percent_covered_display": "40", "missing_lines": 3, "excluded_lines": 0, "percent_statements_covered": 50.0, "percent_statements_covered_display": "50", "num_branches": 4, "num_partial_branches": 1, "covered_branches": 1, "missing_branches": 3, "percent_branches_covered": 25.0, "percent_branches_covered_display": "25"}, "missing_lines": [124, 125, 126], "excluded_lines": [], "start_line": 110, "executed_branches": [[123, 131]], "missing_branches": [[123, 124], [125, 126], [125, 131]]}, "_duration_from_events": {"executed_lines": [139, 140, 141, 142, 143, 144, 146], "summary": {"covered_lines": 7, "num_statements": 8, "percent_covered": 78.57142857142857, "percent_covered_display": "79", "missing_lines": 1, "excluded_lines": 0, "percent_statements_covered": 87.5, "percent_statements_covered_display": "88", "num_branches": 6, "num_partial_branches": 2, "covered_branches": 4, "missing_branches": 2, "percent_branches_covered": 66.66666666666667, "percent_branches_covered_display": "67"}, "missing_lines": [145], "excluded_lines": [], "start_line": 137, "executed_branches": [[140, 141], [140, 144], [142, 143], [144, 146]], "missing_branches": [[142, 140], [144, 145]]}, "_jitter_rms": {"executed_lines": [156, 157, 158, 159, 160, 161, 162, 163, 164, 165, 166, 167], "summary": {"covered_lines": 12, "num_statements": 12, "percent_covered": 100.0, "percent_covered_display": "100", "missing_lines": 0, "excluded_lines": 0, "percent_statements_covered": 100.0, "percent_statements_covered_display": "100", "num_branches": 6, "num_partial_branches": 0, "covered_branches": 6, "missing_branches": 0, "percent_branches_covered": 100.0, "percent_branches_covered_display": "100"}, "missing_lines": [], "excluded_lines": [], "start_line": 149, "executed_branches": [[158, 159], [158, 164], [159, 160], [159, 163], [164, 165], [164, 166]], "missing_branches": []}, "_lost_fraction": {"executed_lines": [176, 177, 178, 179, 180, 181, 182, 183, 184, 185, 189, 190], "summary": {"covered_lines": 12, "num_statements": 13, "percent_covered": 90.47619047619048, "percent_covered_display": "90", "missing_lines": 1, "excluded_lines": 0, "percent_statements_covered": 92.3076923076923, "percent_statements_covered_display": "92", "num_branches": 8, "num_partial_branches": 1, "covered_branches": 7, "missing_branches": 1, "percent_branches_covered": 87.5, "percent_branches_covered_display": "88"}, "missing_lines": [188], "excluded_lines": [], "start_line": 170, "executed_branches": [[176, 177], [176, 178], [182, 183], [182, 185], [183, 182], [183, 184], [185, 189]], "missing_branches": [[185, 188]]}, "": {"executed_lines": [24, 26, 27, 28, 29, 31, 40, 42, 45, 46, 49, 50, 51, 52, 53, 54, 55, 56, 57, 58, 64, 110, 137, 149, 170], "summary": {"covered_lines": 25, "num_statements": 25, "percent_covered": 100.0, "percent_covered_display": "100", "missing_lines": 0, "excluded_lines": 0, "percent_statements_covered": 100.0, "percent_statements_covered_display": "100", "num_branches": 0, "num_partial_branches": 0, "covered_branches": 0, "missing_branches": 0, "percent_branches_covered": 100.0, "percent_branches_covered_display": "100"}, "missing_lines": [], "excluded_lines": [], "start_line": 1, "executed_branches": [], "missing_branches": []}}, "classes": {"SessionReport": {"executed_lines": [], "summary": {"covered_lines": 0, "num_statements": 0, "percent_covered": 100.0, "percent_covered_display": "100", "missing_lines": 0, "excluded_lines": 0, "percent_statements_covered": 100.0, "percent_statements_covered_display": "100", "num_branches": 0, "num_partial_branches": 0, "covered_branches": 0, "missing_branches": 0, "percent_branches_covered": 100.0, "percent_branches_covered_display": "100"}, "missing_lines": [], "excluded_lines": [], "start_line": 46, "executed_branches": [], "missing_branches": []}, "": {"executed_lines": [24, 26, 27, 28, 29, 31, 40, 42, 45, 46, 49, 50, 51, 52, 53, 54, 55, 56, 57, 58, 64, 77, 78, 79, 80, 81, 82, 84, 85, 86, 87, 89, 90, 93, 110, 112, 123, 131, 137, 139, 140, 141, 142, 143, 144, 146, 149, 156, 157, 158, 159, 160, 161, 162, 163, 164, 165, 166, 167, 170, 176, 177, 178, 179, 180, 181, 182, 183, 184, 185, 189, 190], "summary": {"covered_lines": 72, "num_statements": 78, "percent_covered": 87.5, "percent_covered_display": "88", "missing_lines": 6, "excluded_lines": 0, "percent_statements_covered": 92.3076923076923, "percent_statements_covered_display": "92", "num_branches": 26, "num_partial_branches": 5, "covered_branches": 19, "missing_branches": 7, "percent_branches_covered": 73.07692307692308, "percent_branches_covered_display": "73"}, "missing_lines": [91, 124, 125, 126, 145, 188], "excluded_lines": [], "start_line": 1, "executed_branches": [[90, 93], [123, 131], [140, 141], [140, 144], [142, 143], [144, 146], [158, 159], [158, 164], [159, 160], [159, 163], [164, 165], [164, 166], [176, 177], [176, 178], [182, 183], [182, 185], [183, 182], [183, 184], [185, 189]], "missing_branches": [[90, 91], [123, 124], [125, 126], [125, 131], [142, 140], [144, 145], [185, 188]]}}}, "src\\irisflow\\telemetry\\session.py": {"executed_lines": [19, 21, 22, 23, 24, 25, 27, 42, 56, 59, 63, 64, 73, 74, 75, 76, 77, 78, 79, 85, 86, 87, 90, 92, 102, 105, 106, 107, 108, 109, 110, 111, 114, 115, 127, 129, 130, 131, 134, 135, 136, 137, 138, 141, 147, 148, 149, 150, 151, 152, 153, 156, 157, 158, 161, 165, 166, 167, 168, 169, 173, 174, 175, 176, 178, 179, 180, 181, 182, 184, 186, 188, 194, 195, 196, 205, 206, 215, 216, 222, 223, 228, 229, 235, 236, 244, 245, 254, 255, 263, 264, 269, 270, 277, 278, 279, 280, 288, 289, 297, 298, 303, 304, 308, 309, 314, 315, 322, 323, 331, 332, 339, 340, 344, 345, 349, 350, 351, 353, 354, 357, 359], "summary": {"covered_lines": 122, "num_statements": 134, "percent_covered": 91.23711340206185, "percent_covered_display": "91", "missing_lines": 12, "excluded_lines": 0, "percent_statements_covered": 91.04477611940298, "percent_statements_covered_display": "91", "num_branches": 60, "num_partial_branches": 5, "covered_branches": 55, "missing_branches": 5, "percent_branches_covered": 91.66666666666667, "percent_branches_covered_display": "92"}, "missing_lines": [123, 124, 170, 171, 172, 183, 274, 346, 352, 355, 356, 358], "excluded_lines": [], "executed_branches": [[107, 108], [107, 109], [110, 111], [110, 114], [136, 137], [136, 138], [151, -141], [151, 152], [165, 166], [165, 167], [173, 174], [173, 176], [180, 181], [180, 186], [182, 184], [195, 196], [195, 205], [205, 206], [205, 215], [215, 216], [215, 222], [222, 223], [222, 228], [228, 229], [228, 235], [235, 236], [235, 244], [244, 245], [244, 254], [254, 255], [254, 263], [263, 264], [263, 269], [269, 270], [279, 280], [279, 288], [288, 289], [288, 297], [297, 298], [297, 303], [303, 304], [303, 308], [308, 309], [308, 314], [314, 315], [314, 322], [322, 323], [322, 331], [331, 332], [331, 339], [339, 340], [339, 344], [344, 345], [351, 353], [357, 359]], "missing_branches": [[182, 183], [269, 274], [344, 346], [351, 352], [357, 358]], "functions": {"header_to_line": {"executed_lines": [92, 102], "summary": {"covered_lines": 2, "num_statements": 2, "percent_covered": 100.0, "percent_covered_display": "100", "missing_lines": 0, "excluded_lines": 0, "percent_statements_covered": 100.0, "percent_statements_covered_display": "100", "num_branches": 0, "num_partial_branches": 0, "covered_branches": 0, "missing_branches": 0, "percent_branches_covered": 100.0, "percent_branches_covered_display": "100"}, "missing_lines": [], "excluded_lines": [], "start_line": 90, "executed_branches": [], "missing_branches": []}, "header_from_line": {"executed_lines": [106, 107, 108, 109, 110, 111, 114, 115], "summary": {"covered_lines": 8, "num_statements": 10, "percent_covered": 85.71428571428571, "percent_covered_display": "86", "missing_lines": 2, "excluded_lines": 0, "percent_statements_covered": 80.0, "percent_statements_covered_display": "80", "num_branches": 4, "num_partial_branches": 0, "covered_branches": 4, "missing_branches": 0, "percent_branches_covered": 100.0, "percent_branches_covered_display": "100"}, "missing_lines": [123, 124], "excluded_lines": [], "start_line": 105, "executed_branches": [[107, 108], [107, 109], [110, 111], [110, 114]], "missing_branches": []}, "event_to_line": {"executed_lines": [129, 130, 131], "summary": {"covered_lines": 3, "num_statements": 3, "percent_covered": 100.0, "percent_covered_display": "100", "missing_lines": 0, "excluded_lines": 0, "percent_statements_covered": 100.0, "percent_statements_covered_display": "100", "num_branches": 0, "num_partial_branches": 0, "covered_branches": 0, "missing_branches": 0, "percent_branches_covered": 100.0, "percent_branches_covered_display": "100"}, "missing_lines": [], "excluded_lines": [], "start_line": 127, "executed_branches": [], "missing_branches": []}, "event_from_line": {"executed_lines": [135, 136, 137, 138], "summary": {"covered_lines": 4, "num_statements": 4, "percent_covered": 100.0, "percent_covered_display": "100", "missing_lines": 0, "excluded_lines": 0, "percent_statements_covered": 100.0, "percent_statements_covered_display": "100", "num_branches": 2, "num_partial_branches": 0, "covered_branches": 2, "missing_branches": 0, "percent_branches_covered": 100.0, "percent_branches_covered_display": "100"}, "missing_lines": [], "excluded_lines": [], "start_line": 134, "executed_branches": [[136, 137], [136, 138]], "missing_branches": []}, "write_session_file": {"executed_lines": [147, 148, 149, 150, 151, 152, 153], "summary": {"covered_lines": 7, "num_statements": 7, "percent_covered": 100.0, "percent_covered_display": "100", "missing_lines": 0, "excluded_lines": 0, "percent_statements_covered": 100.0, "percent_statements_covered_display": "100", "num_branches": 2, "num_partial_branches": 0, "covered_branches": 2, "missing_branches": 0, "percent_branches_covered": 100.0, "percent_branches_covered_display": "100"}, "missing_lines": [], "excluded_lines": [], "start_line": 141, "executed_branches": [[151, -141], [151, 152]], "missing_branches": []}, "read_session_file": {"executed_lines": [157, 158], "summary": {"covered_lines": 2, "num_statements": 2, "percent_covered": 100.0, "percent_covered_display": "100", "missing_lines": 0, "excluded_lines": 0, "percent_statements_covered": 100.0, "percent_statements_covered_display": "100", "num_branches": 0, "num_partial_branches": 0, "covered_branches": 0, "missing_branches": 0, "percent_branches_covered": 100.0, "percent_branches_covered_display": "100"}, "missing_lines": [], "excluded_lines": [], "start_line": 156, "executed_branches": [], "missing_branches": []}, "iter_session_events": {"executed_lines": [165, 166, 167, 168, 169, 173, 174, 175, 176, 178, 188], "summary": {"covered_lines": 11, "num_statements": 14, "percent_covered": 83.33333333333333, "percent_covered_display": "83", "missing_lines": 3, "excluded_lines": 0, "percent_statements_covered": 78.57142857142857, "percent_statements_covered_display": "79", "num_branches": 4, "num_partial_branches": 0, "covered_branches": 4, "missing_branches": 0, "percent_branches_covered": 100.0, "percent_branches_covered_display": "100"}, "missing_lines": [170, 171, 172], "excluded_lines": [], "start_line": 161, "executed_branches": [[165, 166], [165, 167], [173, 174], [173, 176]], "missing_branches": []}, "iter_session_events._events": {"executed_lines": [179, 180, 181, 182, 184, 186], "summary": {"covered_lines": 6, "num_statements": 7, "percent_covered": 81.81818181818181, "percent_covered_display": "82", "missing_lines": 1, "excluded_lines": 0, "percent_statements_covered": 85.71428571428571, "percent_statements_covered_display": "86", "num_branches": 4, "num_partial_branches": 1, "covered_branches": 3, "missing_branches": 1, "percent_branches_covered": 75.0, "percent_branches_covered_display": "75"}, "missing_lines": [183], "excluded_lines": [], "start_line": 178, "executed_branches": [[180, 181], [180, 186], [182, 184]], "missing_branches": [[182, 183]]}, "_event_to_dict": {"executed_lines": [195, 196, 205, 206, 215, 216, 222, 223, 228, 229, 235, 236, 244, 245, 254, 255, 263, 264, 269, 270], "summary": {"covered_lines": 20, "num_statements": 21, "percent_covered": 95.1219512195122, "percent_covered_display": "95", "missing_lines": 1, "excluded_lines": 0, "percent_statements_covered": 95.23809523809524, "percent_statements_covered_display": "95", "num_branches": 20, "num_partial_branches": 1, "covered_branches": 19, "missing_branches": 1, "percent_branches_covered": 95.0, "percent_branches_covered_display": "95"}, "missing_lines": [274], "excluded_lines": [], "start_line": 194, "executed_branches": [[195, 196], [195, 205], [205, 206], [205, 215], [215, 216], [215, 222], [222, 223], [222, 228], [228, 229], [228, 235], [235, 236], [235, 244], [244, 245], [244, 254], [254, 255], [254, 263], [263, 264], [263, 269], [269, 270]], "missing_branches": [[269, 274]]}, "_event_from_dict": {"executed_lines": [278, 279, 280, 288, 289, 297, 298, 303, 304, 308, 309, 314, 315, 322, 323, 331, 332, 339, 340, 344, 345], "summary": {"covered_lines": 21, "num_statements": 22, "percent_covered": 95.23809523809524, "percent_covered_display": "95", "missing_lines": 1, "excluded_lines": 0, "percent_statements_covered": 95.45454545454545, "percent_statements_covered_display": "95", "num_branches": 20, "num_partial_branches": 1, "covered_branches": 19, "missing_branches": 1, "percent_branches_covered": 95.0, "percent_branches_covered_display": "95"}, "missing_lines": [346], "excluded_lines": [], "start_line": 277, "executed_branches": [[279, 280], [279, 288], [288, 289], [288, 297], [297, 298], [297, 303], [303, 304], [303, 308], [308, 309], [308, 314], [314, 315], [314, 322], [322, 323], [322, 331], [331, 332], [331, 339], [339, 340], [339, 344], [344, 345]], "missing_branches": [[344, 346]]}, "_parse_line": {"executed_lines": [350, 351, 353, 354, 357, 359], "summary": {"covered_lines": 6, "num_statements": 10, "percent_covered": 57.142857142857146, "percent_covered_display": "57", "missing_lines": 4, "excluded_lines": 0, "percent_statements_covered": 60.0, "percent_statements_covered_display": "60", "num_branches": 4, "num_partial_branches": 2, "covered_branches": 2, "missing_branches": 2, "percent_branches_covered": 50.0, "percent_branches_covered_display": "50"}, "missing_lines": [352, 355, 356, 358], "excluded_lines": [], "start_line": 349, "executed_branches": [[351, 353], [357, 359]], "missing_branches": [[351, 352], [357, 358]]}, "": {"executed_lines": [19, 21, 22, 23, 24, 25, 27, 42, 56, 59, 63, 64, 73, 74, 75, 76, 77, 78, 79, 85, 86, 87, 90, 105, 127, 134, 141, 156, 161, 194, 277, 349], "summary": {"covered_lines": 32, "num_statements": 32, "percent_covered": 100.0, "percent_covered_display": "100", "missing_lines": 0, "excluded_lines": 0, "percent_statements_covered": 100.0, "percent_statements_covered_display": "100", "num_branches": 0, "num_partial_branches": 0, "covered_branches": 0, "missing_branches": 0, "percent_branches_covered": 100.0, "percent_branches_covered_display": "100"}, "missing_lines": [], "excluded_lines": [], "start_line": 1, "executed_branches": [], "missing_branches": []}}, "classes": {"SessionRecordError": {"executed_lines": [], "summary": {"covered_lines": 0, "num_statements": 0, "percent_covered": 100.0, "percent_covered_display": "100", "missing_lines": 0, "excluded_lines": 0, "percent_statements_covered": 100.0, "percent_statements_covered_display": "100", "num_branches": 0, "num_partial_branches": 0, "covered_branches": 0, "missing_branches": 0, "percent_branches_covered": 100.0, "percent_branches_covered_display": "100"}, "missing_lines": [], "excluded_lines": [], "start_line": 59, "executed_branches": [], "missing_branches": []}, "SessionHeader": {"executed_lines": [], "summary": {"covered_lines": 0, "num_statements": 0, "percent_covered": 100.0, "percent_covered_display": "100", "missing_lines": 0, "excluded_lines": 0, "percent_statements_covered": 100.0, "percent_statements_covered_display": "100", "num_branches": 0, "num_partial_branches": 0, "covered_branches": 0, "missing_branches": 0, "percent_branches_covered": 100.0, "percent_branches_covered_display": "100"}, "missing_lines": [], "excluded_lines": [], "start_line": 64, "executed_branches": [], "missing_branches": []}, "_Envelope": {"executed_lines": [], "summary": {"covered_lines": 0, "num_statements": 0, "percent_covered": 100.0, "percent_covered_display": "100", "missing_lines": 0, "excluded_lines": 0, "percent_statements_covered": 100.0, "percent_statements_covered_display": "100", "num_branches": 0, "num_partial_branches": 0, "covered_branches": 0, "missing_branches": 0, "percent_branches_covered": 100.0, "percent_branches_covered_display": "100"}, "missing_lines": [], "excluded_lines": [], "start_line": 85, "executed_branches": [], "missing_branches": []}, "": {"executed_lines": [19, 21, 22, 23, 24, 25, 27, 42, 56, 59, 63, 64, 73, 74, 75, 76, 77, 78, 79, 85, 86, 87, 90, 92, 102, 105, 106, 107, 108, 109, 110, 111, 114, 115, 127, 129, 130, 131, 134, 135, 136, 137, 138, 141, 147, 148, 149, 150, 151, 152, 153, 156, 157, 158, 161, 165, 166, 167, 168, 169, 173, 174, 175, 176, 178, 179, 180, 181, 182, 184, 186, 188, 194, 195, 196, 205, 206, 215, 216, 222, 223, 228, 229, 235, 236, 244, 245, 254, 255, 263, 264, 269, 270, 277, 278, 279, 280, 288, 289, 297, 298, 303, 304, 308, 309, 314, 315, 322, 323, 331, 332, 339, 340, 344, 345, 349, 350, 351, 353, 354, 357, 359], "summary": {"covered_lines": 122, "num_statements": 134, "percent_covered": 91.23711340206185, "percent_covered_display": "91", "missing_lines": 12, "excluded_lines": 0, "percent_statements_covered": 91.04477611940298, "percent_statements_covered_display": "91", "num_branches": 60, "num_partial_branches": 5, "covered_branches": 55, "missing_branches": 5, "percent_branches_covered": 91.66666666666667, "percent_branches_covered_display": "92"}, "missing_lines": [123, 124, 170, 171, 172, 183, 274, 346, 352, 355, 356, 358], "excluded_lines": [], "start_line": 1, "executed_branches": [[107, 108], [107, 109], [110, 111], [110, 114], [136, 137], [136, 138], [151, -141], [151, 152], [165, 166], [165, 167], [173, 174], [173, 176], [180, 181], [180, 186], [182, 184], [195, 196], [195, 205], [205, 206], [205, 215], [215, 216], [215, 222], [222, 223], [222, 228], [228, 229], [228, 235], [235, 236], [235, 244], [244, 245], [244, 254], [254, 255], [254, 263], [263, 264], [263, 269], [269, 270], [279, 280], [279, 288], [288, 289], [288, 297], [297, 298], [297, 303], [303, 304], [303, 308], [308, 309], [308, 314], [314, 315], [314, 322], [322, 323], [322, 331], [331, 332], [331, 339], [339, 340], [339, 344], [344, 345], [351, 353], [357, 359]], "missing_branches": [[182, 183], [269, 274], [344, 346], [351, 352], [357, 358]]}}}}, "totals": {"covered_lines": 4195, "num_statements": 4975, "percent_covered": 82.3490488006617, "percent_covered_display": "82", "missing_lines": 780, "excluded_lines": 109, "percent_statements_covered": 84.321608040201, "percent_statements_covered_display": "84", "num_branches": 1070, "num_partial_branches": 121, "covered_branches": 783, "missing_branches": 287, "percent_branches_covered": 73.17757009345794, "percent_branches_covered_display": "73"}}